{"failedCount":20,"prefixedPath":"src\/test\/java\/Authentication\/Authenticacion.feature","packageQualifiedName":"src.test.java.Authentication.Authenticacion","loopIndex":-1,"relativePath":"src\/test\/java\/Authentication\/Authenticacion.feature","scenarioResults":[{"sectionIndex":0,"stepResults":[{"result":{"nanos":724800,"millis":0.7248,"status":"passed"},"step":{"background":true,"line":4,"prefix":"*","index":0,"text":"url BaseUrl"},"stepLog":"10:47:16.028 karate.env system property was: null \n"},{"result":{"nanos":605700,"millis":0.6057,"status":"passed"},"step":{"background":true,"line":5,"prefix":"*","index":1,"text":"header Accept = 'application\/json'"}},{"result":{"nanos":0,"errorMessage":"js failed:\n>>>>\n01: read('Authentication.csv')\n<<<<\norg.graalvm.polyglot.PolyglotException: java.io.FileNotFoundException: D:\\JhonEgoavil\\Workspace\\qaChallenge\\src\\test\\java\\Authentication\\Authentication.csv (El sistema no puede encontrar el archivo especificado)\n- com.intuit.karate.resource.FileResource.getStream(FileResource.java:98)\n- com.intuit.karate.core.ScenarioFileReader.readFileAsStream(ScenarioFileReader.java:102)\n- com.intuit.karate.core.ScenarioFileReader.readFileAsString(ScenarioFileReader.java:98)\n- com.intuit.karate.core.ScenarioFileReader.readFile(ScenarioFileReader.java:71)\n- com.intuit.karate.core.ScenarioEngine.lambda$new$0(ScenarioEngine.java:129)\n- <js>.:program(Unnamed:1)\n\nsrc\/test\/java\/Authentication\/Authenticacion.feature:24","millis":0.0,"status":"failed"},"step":{"endLine":0,"line":24,"prefix":"*","index":-1,"text":"dynamic expression evaluation failed: read('Authentication.csv')"},"stepLog":"js failed:\n>>>>\n01: read('Authentication.csv')\n<<<<\norg.graalvm.polyglot.PolyglotException: java.io.FileNotFoundException: D:\\JhonEgoavil\\Workspace\\qaChallenge\\src\\test\\java\\Authentication\\Authentication.csv (El sistema no puede encontrar el archivo especificado)\n- com.intuit.karate.resource.FileResource.getStream(FileResource.java:98)\n- com.intuit.karate.core.ScenarioFileReader.readFileAsStream(ScenarioFileReader.java:102)\n- com.intuit.karate.core.ScenarioFileReader.readFileAsString(ScenarioFileReader.java:98)\n- com.intuit.karate.core.ScenarioFileReader.readFile(ScenarioFileReader.java:71)\n- com.intuit.karate.core.ScenarioEngine.lambda$new$0(ScenarioEngine.java:129)\n- <js>.:program(Unnamed:1)\n\ncom.intuit.karate.KarateException: js failed:\n>>>>\n01: read('Authentication.csv')\n<<<<\norg.graalvm.polyglot.PolyglotException: java.io.FileNotFoundException: D:\\JhonEgoavil\\Workspace\\qaChallenge\\src\\test\\java\\Authentication\\Authentication.csv (El sistema no puede encontrar el archivo especificado)\n- com.intuit.karate.resource.FileResource.getStream(FileResource.java:98)\n- com.intuit.karate.core.ScenarioFileReader.readFileAsStream(ScenarioFileReader.java:102)\n- com.intuit.karate.core.ScenarioFileReader.readFileAsString(ScenarioFileReader.java:98)\n- com.intuit.karate.core.ScenarioFileReader.readFile(ScenarioFileReader.java:71)\n- com.intuit.karate.core.ScenarioEngine.lambda$new$0(ScenarioEngine.java:129)\n- <js>.:program(Unnamed:1)\n\r\n\tat com.intuit.karate.graal.JsEngine.fromJsEvalException(JsEngine.java:233)\r\n\tat com.intuit.karate.core.ScenarioEngine.evalJs(ScenarioEngine.java:1346)\r\n\tat com.intuit.karate.core.ScenarioEngine.evalKarateExpression(ScenarioEngine.java:2373)\r\n\tat com.intuit.karate.core.ScenarioEngine.evalKarateExpression(ScenarioEngine.java:2292)\r\n\tat com.intuit.karate.core.ScenarioIterator.tryAdvance(ScenarioIterator.java:107)\r\n\tat java.base\/java.util.stream.StreamSpliterators$WrappingSpliterator.lambda$initPartialTraversalState$0(StreamSpliterators.java:294)\r\n\tat java.base\/java.util.stream.StreamSpliterators$AbstractWrappingSpliterator.fillBuffer(StreamSpliterators.java:206)\r\n\tat java.base\/java.util.stream.StreamSpliterators$AbstractWrappingSpliterator.doAdvance(StreamSpliterators.java:161)\r\n\tat java.base\/java.util.stream.StreamSpliterators$WrappingSpliterator.tryAdvance(StreamSpliterators.java:300)\r\n\tat java.base\/java.util.Spliterators$1Adapter.hasNext(Spliterators.java:681)\r\n\tat java.base\/java.util.Iterator.forEachRemaining(Iterator.java:132)\r\n\tat com.intuit.karate.core.FeatureRuntime.run(FeatureRuntime.java:165)\r\n\tat java.base\/java.util.concurrent.Executors$RunnableAdapter.call(Executors.java:515)\r\n\tat java.base\/java.util.concurrent.FutureTask.run(FutureTask.java:264)\r\n\tat com.intuit.karate.core.SyncExecutorService.execute(SyncExecutorService.java:70)\r\n\tat java.base\/java.util.concurrent.AbstractExecutorService.submit(AbstractExecutorService.java:123)\r\n\tat com.intuit.karate.Suite.run(Suite.java:235)\r\n\tat com.intuit.karate.Runner$Builder.parallel(Runner.java:575)\r\n\tat com.intuit.karate.cli.IdeMain.main(IdeMain.java:60)\r\n\tat cucumber.api.cli.Main.main(Main.java:34)\r\n"}],"line":24,"description":"","durationMillis":1.3305,"failed":true,"error":"js failed:\n>>>>\n01: read('Authentication.csv')\n<<<<\norg.graalvm.polyglot.PolyglotException: java.io.FileNotFoundException: D:\\JhonEgoavil\\Workspace\\qaChallenge\\src\\test\\java\\Authentication\\Authentication.csv (El sistema no puede encontrar el archivo especificado)\n- com.intuit.karate.resource.FileResource.getStream(FileResource.java:98)\n- com.intuit.karate.core.ScenarioFileReader.readFileAsStream(ScenarioFileReader.java:102)\n- com.intuit.karate.core.ScenarioFileReader.readFileAsString(ScenarioFileReader.java:98)\n- com.intuit.karate.core.ScenarioFileReader.readFile(ScenarioFileReader.java:71)\n- com.intuit.karate.core.ScenarioEngine.lambda$new$0(ScenarioEngine.java:129)\n- <js>.:program(Unnamed:1)\n\nsrc\/test\/java\/Authentication\/Authenticacion.feature:24","tags":["Test1"],"executorName":"main","name":"'CP001: 1.\tVerificar que al enviar el campo email con @ en el registro se debe obtener code 201 y msg SAVED.'","startTime":1654098435906,"refId":"[1.1:24]","endTime":0,"exampleIndex":0},{"sectionIndex":1,"stepResults":[{"result":{"nanos":834500,"millis":0.8345,"status":"passed"},"step":{"background":true,"line":4,"prefix":"*","index":0,"text":"url BaseUrl"},"stepLog":"10:47:16.076 karate.env system property was: null \n"},{"result":{"nanos":216500,"millis":0.2165,"status":"passed"},"step":{"background":true,"line":5,"prefix":"*","index":1,"text":"header Accept = 'application\/json'"}},{"result":{"nanos":0,"errorMessage":"js failed:\n>>>>\n01: read('Authentication.csv')\n<<<<\norg.graalvm.polyglot.PolyglotException: java.io.FileNotFoundException: D:\\JhonEgoavil\\Workspace\\qaChallenge\\src\\test\\java\\Authentication\\Authentication.csv (El sistema no puede encontrar el archivo especificado)\n- com.intuit.karate.resource.FileResource.getStream(FileResource.java:98)\n- com.intuit.karate.core.ScenarioFileReader.readFileAsStream(ScenarioFileReader.java:102)\n- com.intuit.karate.core.ScenarioFileReader.readFileAsString(ScenarioFileReader.java:98)\n- com.intuit.karate.core.ScenarioFileReader.readFile(ScenarioFileReader.java:71)\n- com.intuit.karate.core.ScenarioEngine.lambda$new$0(ScenarioEngine.java:129)\n- <js>.:program(Unnamed:1)\n\nsrc\/test\/java\/Authentication\/Authenticacion.feature:42","millis":0.0,"status":"failed"},"step":{"endLine":0,"line":42,"prefix":"*","index":-1,"text":"dynamic expression evaluation failed: read('Authentication.csv')"},"stepLog":"js failed:\n>>>>\n01: read('Authentication.csv')\n<<<<\norg.graalvm.polyglot.PolyglotException: java.io.FileNotFoundException: D:\\JhonEgoavil\\Workspace\\qaChallenge\\src\\test\\java\\Authentication\\Authentication.csv (El sistema no puede encontrar el archivo especificado)\n- com.intuit.karate.resource.FileResource.getStream(FileResource.java:98)\n- com.intuit.karate.core.ScenarioFileReader.readFileAsStream(ScenarioFileReader.java:102)\n- com.intuit.karate.core.ScenarioFileReader.readFileAsString(ScenarioFileReader.java:98)\n- com.intuit.karate.core.ScenarioFileReader.readFile(ScenarioFileReader.java:71)\n- com.intuit.karate.core.ScenarioEngine.lambda$new$0(ScenarioEngine.java:129)\n- <js>.:program(Unnamed:1)\n\ncom.intuit.karate.KarateException: js failed:\n>>>>\n01: read('Authentication.csv')\n<<<<\norg.graalvm.polyglot.PolyglotException: java.io.FileNotFoundException: D:\\JhonEgoavil\\Workspace\\qaChallenge\\src\\test\\java\\Authentication\\Authentication.csv (El sistema no puede encontrar el archivo especificado)\n- com.intuit.karate.resource.FileResource.getStream(FileResource.java:98)\n- com.intuit.karate.core.ScenarioFileReader.readFileAsStream(ScenarioFileReader.java:102)\n- com.intuit.karate.core.ScenarioFileReader.readFileAsString(ScenarioFileReader.java:98)\n- com.intuit.karate.core.ScenarioFileReader.readFile(ScenarioFileReader.java:71)\n- com.intuit.karate.core.ScenarioEngine.lambda$new$0(ScenarioEngine.java:129)\n- <js>.:program(Unnamed:1)\n\r\n\tat com.intuit.karate.graal.JsEngine.fromJsEvalException(JsEngine.java:233)\r\n\tat com.intuit.karate.core.ScenarioEngine.evalJs(ScenarioEngine.java:1346)\r\n\tat com.intuit.karate.core.ScenarioEngine.evalKarateExpression(ScenarioEngine.java:2373)\r\n\tat com.intuit.karate.core.ScenarioEngine.evalKarateExpression(ScenarioEngine.java:2292)\r\n\tat com.intuit.karate.core.ScenarioIterator.tryAdvance(ScenarioIterator.java:107)\r\n\tat com.intuit.karate.core.ScenarioIterator.tryAdvance(ScenarioIterator.java:88)\r\n\tat java.base\/java.util.stream.StreamSpliterators$WrappingSpliterator.lambda$initPartialTraversalState$0(StreamSpliterators.java:294)\r\n\tat java.base\/java.util.stream.StreamSpliterators$AbstractWrappingSpliterator.fillBuffer(StreamSpliterators.java:206)\r\n\tat java.base\/java.util.stream.StreamSpliterators$AbstractWrappingSpliterator.doAdvance(StreamSpliterators.java:169)\r\n\tat java.base\/java.util.stream.StreamSpliterators$WrappingSpliterator.tryAdvance(StreamSpliterators.java:300)\r\n\tat java.base\/java.util.Spliterators$1Adapter.hasNext(Spliterators.java:681)\r\n\tat java.base\/java.util.Iterator.forEachRemaining(Iterator.java:132)\r\n\tat com.intuit.karate.core.FeatureRuntime.run(FeatureRuntime.java:165)\r\n\tat java.base\/java.util.concurrent.Executors$RunnableAdapter.call(Executors.java:515)\r\n\tat java.base\/java.util.concurrent.FutureTask.run(FutureTask.java:264)\r\n\tat com.intuit.karate.core.SyncExecutorService.execute(SyncExecutorService.java:70)\r\n\tat java.base\/java.util.concurrent.AbstractExecutorService.submit(AbstractExecutorService.java:123)\r\n\tat com.intuit.karate.Suite.run(Suite.java:235)\r\n\tat com.intuit.karate.Runner$Builder.parallel(Runner.java:575)\r\n\tat com.intuit.karate.cli.IdeMain.main(IdeMain.java:60)\r\n\tat cucumber.api.cli.Main.main(Main.java:34)\r\n"}],"line":42,"description":"","durationMillis":1.051,"failed":true,"error":"js failed:\n>>>>\n01: read('Authentication.csv')\n<<<<\norg.graalvm.polyglot.PolyglotException: java.io.FileNotFoundException: D:\\JhonEgoavil\\Workspace\\qaChallenge\\src\\test\\java\\Authentication\\Authentication.csv (El sistema no puede encontrar el archivo especificado)\n- com.intuit.karate.resource.FileResource.getStream(FileResource.java:98)\n- com.intuit.karate.core.ScenarioFileReader.readFileAsStream(ScenarioFileReader.java:102)\n- com.intuit.karate.core.ScenarioFileReader.readFileAsString(ScenarioFileReader.java:98)\n- com.intuit.karate.core.ScenarioFileReader.readFile(ScenarioFileReader.java:71)\n- com.intuit.karate.core.ScenarioEngine.lambda$new$0(ScenarioEngine.java:129)\n- <js>.:program(Unnamed:1)\n\nsrc\/test\/java\/Authentication\/Authenticacion.feature:42","tags":["Test2"],"executorName":"main","name":"'CP002: 2.\tVerificar que al enviar el campo \u201Cemail\u201D sin @ en el registro se debe obtener statusCode 422, code 998 y msg \u201CINVALID\u201D.'","startTime":1654098436075,"refId":"[2.1:42]","endTime":0,"exampleIndex":0},{"sectionIndex":2,"stepResults":[{"result":{"nanos":170900,"millis":0.1709,"status":"passed"},"step":{"background":true,"line":4,"prefix":"*","index":0,"text":"url BaseUrl"},"stepLog":"10:47:16.083 karate.env system property was: null \n"},{"result":{"nanos":236000,"millis":0.236,"status":"passed"},"step":{"background":true,"line":5,"prefix":"*","index":1,"text":"header Accept = 'application\/json'"}},{"result":{"nanos":0,"errorMessage":"js failed:\n>>>>\n01: read('Authentication.csv')\n<<<<\norg.graalvm.polyglot.PolyglotException: java.io.FileNotFoundException: D:\\JhonEgoavil\\Workspace\\qaChallenge\\src\\test\\java\\Authentication\\Authentication.csv (El sistema no puede encontrar el archivo especificado)\n- com.intuit.karate.resource.FileResource.getStream(FileResource.java:98)\n- com.intuit.karate.core.ScenarioFileReader.readFileAsStream(ScenarioFileReader.java:102)\n- com.intuit.karate.core.ScenarioFileReader.readFileAsString(ScenarioFileReader.java:98)\n- com.intuit.karate.core.ScenarioFileReader.readFile(ScenarioFileReader.java:71)\n- com.intuit.karate.core.ScenarioEngine.lambda$new$0(ScenarioEngine.java:129)\n- <js>.:program(Unnamed:1)\n\nsrc\/test\/java\/Authentication\/Authenticacion.feature:60","millis":0.0,"status":"failed"},"step":{"endLine":0,"line":60,"prefix":"*","index":-1,"text":"dynamic expression evaluation failed: read('Authentication.csv')"},"stepLog":"js failed:\n>>>>\n01: read('Authentication.csv')\n<<<<\norg.graalvm.polyglot.PolyglotException: java.io.FileNotFoundException: D:\\JhonEgoavil\\Workspace\\qaChallenge\\src\\test\\java\\Authentication\\Authentication.csv (El sistema no puede encontrar el archivo especificado)\n- com.intuit.karate.resource.FileResource.getStream(FileResource.java:98)\n- com.intuit.karate.core.ScenarioFileReader.readFileAsStream(ScenarioFileReader.java:102)\n- com.intuit.karate.core.ScenarioFileReader.readFileAsString(ScenarioFileReader.java:98)\n- com.intuit.karate.core.ScenarioFileReader.readFile(ScenarioFileReader.java:71)\n- com.intuit.karate.core.ScenarioEngine.lambda$new$0(ScenarioEngine.java:129)\n- <js>.:program(Unnamed:1)\n\ncom.intuit.karate.KarateException: js failed:\n>>>>\n01: read('Authentication.csv')\n<<<<\norg.graalvm.polyglot.PolyglotException: java.io.FileNotFoundException: D:\\JhonEgoavil\\Workspace\\qaChallenge\\src\\test\\java\\Authentication\\Authentication.csv (El sistema no puede encontrar el archivo especificado)\n- com.intuit.karate.resource.FileResource.getStream(FileResource.java:98)\n- com.intuit.karate.core.ScenarioFileReader.readFileAsStream(ScenarioFileReader.java:102)\n- com.intuit.karate.core.ScenarioFileReader.readFileAsString(ScenarioFileReader.java:98)\n- com.intuit.karate.core.ScenarioFileReader.readFile(ScenarioFileReader.java:71)\n- com.intuit.karate.core.ScenarioEngine.lambda$new$0(ScenarioEngine.java:129)\n- <js>.:program(Unnamed:1)\n\r\n\tat com.intuit.karate.graal.JsEngine.fromJsEvalException(JsEngine.java:233)\r\n\tat com.intuit.karate.core.ScenarioEngine.evalJs(ScenarioEngine.java:1346)\r\n\tat com.intuit.karate.core.ScenarioEngine.evalKarateExpression(ScenarioEngine.java:2373)\r\n\tat com.intuit.karate.core.ScenarioEngine.evalKarateExpression(ScenarioEngine.java:2292)\r\n\tat com.intuit.karate.core.ScenarioIterator.tryAdvance(ScenarioIterator.java:107)\r\n\tat com.intuit.karate.core.ScenarioIterator.tryAdvance(ScenarioIterator.java:88)\r\n\tat java.base\/java.util.stream.StreamSpliterators$WrappingSpliterator.lambda$initPartialTraversalState$0(StreamSpliterators.java:294)\r\n\tat java.base\/java.util.stream.StreamSpliterators$AbstractWrappingSpliterator.fillBuffer(StreamSpliterators.java:206)\r\n\tat java.base\/java.util.stream.StreamSpliterators$AbstractWrappingSpliterator.doAdvance(StreamSpliterators.java:169)\r\n\tat java.base\/java.util.stream.StreamSpliterators$WrappingSpliterator.tryAdvance(StreamSpliterators.java:300)\r\n\tat java.base\/java.util.Spliterators$1Adapter.hasNext(Spliterators.java:681)\r\n\tat java.base\/java.util.Iterator.forEachRemaining(Iterator.java:132)\r\n\tat com.intuit.karate.core.FeatureRuntime.run(FeatureRuntime.java:165)\r\n\tat java.base\/java.util.concurrent.Executors$RunnableAdapter.call(Executors.java:515)\r\n\tat java.base\/java.util.concurrent.FutureTask.run(FutureTask.java:264)\r\n\tat com.intuit.karate.core.SyncExecutorService.execute(SyncExecutorService.java:70)\r\n\tat java.base\/java.util.concurrent.AbstractExecutorService.submit(AbstractExecutorService.java:123)\r\n\tat com.intuit.karate.Suite.run(Suite.java:235)\r\n\tat com.intuit.karate.Runner$Builder.parallel(Runner.java:575)\r\n\tat com.intuit.karate.cli.IdeMain.main(IdeMain.java:60)\r\n\tat cucumber.api.cli.Main.main(Main.java:34)\r\n"}],"line":60,"description":"","durationMillis":0.4069,"failed":true,"error":"js failed:\n>>>>\n01: read('Authentication.csv')\n<<<<\norg.graalvm.polyglot.PolyglotException: java.io.FileNotFoundException: D:\\JhonEgoavil\\Workspace\\qaChallenge\\src\\test\\java\\Authentication\\Authentication.csv (El sistema no puede encontrar el archivo especificado)\n- com.intuit.karate.resource.FileResource.getStream(FileResource.java:98)\n- com.intuit.karate.core.ScenarioFileReader.readFileAsStream(ScenarioFileReader.java:102)\n- com.intuit.karate.core.ScenarioFileReader.readFileAsString(ScenarioFileReader.java:98)\n- com.intuit.karate.core.ScenarioFileReader.readFile(ScenarioFileReader.java:71)\n- com.intuit.karate.core.ScenarioEngine.lambda$new$0(ScenarioEngine.java:129)\n- <js>.:program(Unnamed:1)\n\nsrc\/test\/java\/Authentication\/Authenticacion.feature:60","tags":["Test3"],"executorName":"main","name":"'CP003: 3.\tVerificar que al enviar el campo \u201Cemail\u201D con @ en el login se debe obtener code 201 y msg \u201CLOGIN VALID\u201D.'","startTime":1654098436082,"refId":"[3.1:60]","endTime":0,"exampleIndex":0},{"sectionIndex":3,"stepResults":[{"result":{"nanos":126200,"millis":0.1262,"status":"passed"},"step":{"background":true,"line":4,"prefix":"*","index":0,"text":"url BaseUrl"},"stepLog":"10:47:16.091 karate.env system property was: null \n"},{"result":{"nanos":222500,"millis":0.2225,"status":"passed"},"step":{"background":true,"line":5,"prefix":"*","index":1,"text":"header Accept = 'application\/json'"}},{"result":{"nanos":0,"errorMessage":"js failed:\n>>>>\n01: read('Authentication.csv')\n<<<<\norg.graalvm.polyglot.PolyglotException: java.io.FileNotFoundException: D:\\JhonEgoavil\\Workspace\\qaChallenge\\src\\test\\java\\Authentication\\Authentication.csv (El sistema no puede encontrar el archivo especificado)\n- com.intuit.karate.resource.FileResource.getStream(FileResource.java:98)\n- com.intuit.karate.core.ScenarioFileReader.readFileAsStream(ScenarioFileReader.java:102)\n- com.intuit.karate.core.ScenarioFileReader.readFileAsString(ScenarioFileReader.java:98)\n- com.intuit.karate.core.ScenarioFileReader.readFile(ScenarioFileReader.java:71)\n- com.intuit.karate.core.ScenarioEngine.lambda$new$0(ScenarioEngine.java:129)\n- <js>.:program(Unnamed:1)\n\nsrc\/test\/java\/Authentication\/Authenticacion.feature:80","millis":0.0,"status":"failed"},"step":{"endLine":0,"line":80,"prefix":"*","index":-1,"text":"dynamic expression evaluation failed: read('Authentication.csv')"},"stepLog":"js failed:\n>>>>\n01: read('Authentication.csv')\n<<<<\norg.graalvm.polyglot.PolyglotException: java.io.FileNotFoundException: D:\\JhonEgoavil\\Workspace\\qaChallenge\\src\\test\\java\\Authentication\\Authentication.csv (El sistema no puede encontrar el archivo especificado)\n- com.intuit.karate.resource.FileResource.getStream(FileResource.java:98)\n- com.intuit.karate.core.ScenarioFileReader.readFileAsStream(ScenarioFileReader.java:102)\n- com.intuit.karate.core.ScenarioFileReader.readFileAsString(ScenarioFileReader.java:98)\n- com.intuit.karate.core.ScenarioFileReader.readFile(ScenarioFileReader.java:71)\n- com.intuit.karate.core.ScenarioEngine.lambda$new$0(ScenarioEngine.java:129)\n- <js>.:program(Unnamed:1)\n\ncom.intuit.karate.KarateException: js failed:\n>>>>\n01: read('Authentication.csv')\n<<<<\norg.graalvm.polyglot.PolyglotException: java.io.FileNotFoundException: D:\\JhonEgoavil\\Workspace\\qaChallenge\\src\\test\\java\\Authentication\\Authentication.csv (El sistema no puede encontrar el archivo especificado)\n- com.intuit.karate.resource.FileResource.getStream(FileResource.java:98)\n- com.intuit.karate.core.ScenarioFileReader.readFileAsStream(ScenarioFileReader.java:102)\n- com.intuit.karate.core.ScenarioFileReader.readFileAsString(ScenarioFileReader.java:98)\n- com.intuit.karate.core.ScenarioFileReader.readFile(ScenarioFileReader.java:71)\n- com.intuit.karate.core.ScenarioEngine.lambda$new$0(ScenarioEngine.java:129)\n- <js>.:program(Unnamed:1)\n\r\n\tat com.intuit.karate.graal.JsEngine.fromJsEvalException(JsEngine.java:233)\r\n\tat com.intuit.karate.core.ScenarioEngine.evalJs(ScenarioEngine.java:1346)\r\n\tat com.intuit.karate.core.ScenarioEngine.evalKarateExpression(ScenarioEngine.java:2373)\r\n\tat com.intuit.karate.core.ScenarioEngine.evalKarateExpression(ScenarioEngine.java:2292)\r\n\tat com.intuit.karate.core.ScenarioIterator.tryAdvance(ScenarioIterator.java:107)\r\n\tat com.intuit.karate.core.ScenarioIterator.tryAdvance(ScenarioIterator.java:88)\r\n\tat java.base\/java.util.stream.StreamSpliterators$WrappingSpliterator.lambda$initPartialTraversalState$0(StreamSpliterators.java:294)\r\n\tat java.base\/java.util.stream.StreamSpliterators$AbstractWrappingSpliterator.fillBuffer(StreamSpliterators.java:206)\r\n\tat java.base\/java.util.stream.StreamSpliterators$AbstractWrappingSpliterator.doAdvance(StreamSpliterators.java:169)\r\n\tat java.base\/java.util.stream.StreamSpliterators$WrappingSpliterator.tryAdvance(StreamSpliterators.java:300)\r\n\tat java.base\/java.util.Spliterators$1Adapter.hasNext(Spliterators.java:681)\r\n\tat java.base\/java.util.Iterator.forEachRemaining(Iterator.java:132)\r\n\tat com.intuit.karate.core.FeatureRuntime.run(FeatureRuntime.java:165)\r\n\tat java.base\/java.util.concurrent.Executors$RunnableAdapter.call(Executors.java:515)\r\n\tat java.base\/java.util.concurrent.FutureTask.run(FutureTask.java:264)\r\n\tat com.intuit.karate.core.SyncExecutorService.execute(SyncExecutorService.java:70)\r\n\tat java.base\/java.util.concurrent.AbstractExecutorService.submit(AbstractExecutorService.java:123)\r\n\tat com.intuit.karate.Suite.run(Suite.java:235)\r\n\tat com.intuit.karate.Runner$Builder.parallel(Runner.java:575)\r\n\tat com.intuit.karate.cli.IdeMain.main(IdeMain.java:60)\r\n\tat cucumber.api.cli.Main.main(Main.java:34)\r\n"}],"line":80,"description":"","durationMillis":0.3487,"failed":true,"error":"js failed:\n>>>>\n01: read('Authentication.csv')\n<<<<\norg.graalvm.polyglot.PolyglotException: java.io.FileNotFoundException: D:\\JhonEgoavil\\Workspace\\qaChallenge\\src\\test\\java\\Authentication\\Authentication.csv (El sistema no puede encontrar el archivo especificado)\n- com.intuit.karate.resource.FileResource.getStream(FileResource.java:98)\n- com.intuit.karate.core.ScenarioFileReader.readFileAsStream(ScenarioFileReader.java:102)\n- com.intuit.karate.core.ScenarioFileReader.readFileAsString(ScenarioFileReader.java:98)\n- com.intuit.karate.core.ScenarioFileReader.readFile(ScenarioFileReader.java:71)\n- com.intuit.karate.core.ScenarioEngine.lambda$new$0(ScenarioEngine.java:129)\n- <js>.:program(Unnamed:1)\n\nsrc\/test\/java\/Authentication\/Authenticacion.feature:80","tags":["Test4"],"executorName":"main","name":"'CP004: 4.\tVerificar que al enviar el campo \u201Cemail\u201D sin @ en el login se debe obtener statusCode 401, code 997 y msg \u201CINVALID\u201D.'","startTime":1654098436090,"refId":"[4.1:80]","endTime":0,"exampleIndex":0},{"sectionIndex":4,"stepResults":[{"result":{"nanos":110300,"millis":0.1103,"status":"passed"},"step":{"background":true,"line":4,"prefix":"*","index":0,"text":"url BaseUrl"},"stepLog":"10:47:16.098 karate.env system property was: null \n"},{"result":{"nanos":215000,"millis":0.215,"status":"passed"},"step":{"background":true,"line":5,"prefix":"*","index":1,"text":"header Accept = 'application\/json'"}},{"result":{"nanos":0,"errorMessage":"js failed:\n>>>>\n01: read('Authentication.csv')\n<<<<\norg.graalvm.polyglot.PolyglotException: java.io.FileNotFoundException: D:\\JhonEgoavil\\Workspace\\qaChallenge\\src\\test\\java\\Authentication\\Authentication.csv (El sistema no puede encontrar el archivo especificado)\n- com.intuit.karate.resource.FileResource.getStream(FileResource.java:98)\n- com.intuit.karate.core.ScenarioFileReader.readFileAsStream(ScenarioFileReader.java:102)\n- com.intuit.karate.core.ScenarioFileReader.readFileAsString(ScenarioFileReader.java:98)\n- com.intuit.karate.core.ScenarioFileReader.readFile(ScenarioFileReader.java:71)\n- com.intuit.karate.core.ScenarioEngine.lambda$new$0(ScenarioEngine.java:129)\n- <js>.:program(Unnamed:1)\n\nsrc\/test\/java\/Authentication\/Authenticacion.feature:98","millis":0.0,"status":"failed"},"step":{"endLine":0,"line":98,"prefix":"*","index":-1,"text":"dynamic expression evaluation failed: read('Authentication.csv')"},"stepLog":"js failed:\n>>>>\n01: read('Authentication.csv')\n<<<<\norg.graalvm.polyglot.PolyglotException: java.io.FileNotFoundException: D:\\JhonEgoavil\\Workspace\\qaChallenge\\src\\test\\java\\Authentication\\Authentication.csv (El sistema no puede encontrar el archivo especificado)\n- com.intuit.karate.resource.FileResource.getStream(FileResource.java:98)\n- com.intuit.karate.core.ScenarioFileReader.readFileAsStream(ScenarioFileReader.java:102)\n- com.intuit.karate.core.ScenarioFileReader.readFileAsString(ScenarioFileReader.java:98)\n- com.intuit.karate.core.ScenarioFileReader.readFile(ScenarioFileReader.java:71)\n- com.intuit.karate.core.ScenarioEngine.lambda$new$0(ScenarioEngine.java:129)\n- <js>.:program(Unnamed:1)\n\ncom.intuit.karate.KarateException: js failed:\n>>>>\n01: read('Authentication.csv')\n<<<<\norg.graalvm.polyglot.PolyglotException: java.io.FileNotFoundException: D:\\JhonEgoavil\\Workspace\\qaChallenge\\src\\test\\java\\Authentication\\Authentication.csv (El sistema no puede encontrar el archivo especificado)\n- com.intuit.karate.resource.FileResource.getStream(FileResource.java:98)\n- com.intuit.karate.core.ScenarioFileReader.readFileAsStream(ScenarioFileReader.java:102)\n- com.intuit.karate.core.ScenarioFileReader.readFileAsString(ScenarioFileReader.java:98)\n- com.intuit.karate.core.ScenarioFileReader.readFile(ScenarioFileReader.java:71)\n- com.intuit.karate.core.ScenarioEngine.lambda$new$0(ScenarioEngine.java:129)\n- <js>.:program(Unnamed:1)\n\r\n\tat com.intuit.karate.graal.JsEngine.fromJsEvalException(JsEngine.java:233)\r\n\tat com.intuit.karate.core.ScenarioEngine.evalJs(ScenarioEngine.java:1346)\r\n\tat com.intuit.karate.core.ScenarioEngine.evalKarateExpression(ScenarioEngine.java:2373)\r\n\tat com.intuit.karate.core.ScenarioEngine.evalKarateExpression(ScenarioEngine.java:2292)\r\n\tat com.intuit.karate.core.ScenarioIterator.tryAdvance(ScenarioIterator.java:107)\r\n\tat com.intuit.karate.core.ScenarioIterator.tryAdvance(ScenarioIterator.java:88)\r\n\tat java.base\/java.util.stream.StreamSpliterators$WrappingSpliterator.lambda$initPartialTraversalState$0(StreamSpliterators.java:294)\r\n\tat java.base\/java.util.stream.StreamSpliterators$AbstractWrappingSpliterator.fillBuffer(StreamSpliterators.java:206)\r\n\tat java.base\/java.util.stream.StreamSpliterators$AbstractWrappingSpliterator.doAdvance(StreamSpliterators.java:169)\r\n\tat java.base\/java.util.stream.StreamSpliterators$WrappingSpliterator.tryAdvance(StreamSpliterators.java:300)\r\n\tat java.base\/java.util.Spliterators$1Adapter.hasNext(Spliterators.java:681)\r\n\tat java.base\/java.util.Iterator.forEachRemaining(Iterator.java:132)\r\n\tat com.intuit.karate.core.FeatureRuntime.run(FeatureRuntime.java:165)\r\n\tat java.base\/java.util.concurrent.Executors$RunnableAdapter.call(Executors.java:515)\r\n\tat java.base\/java.util.concurrent.FutureTask.run(FutureTask.java:264)\r\n\tat com.intuit.karate.core.SyncExecutorService.execute(SyncExecutorService.java:70)\r\n\tat java.base\/java.util.concurrent.AbstractExecutorService.submit(AbstractExecutorService.java:123)\r\n\tat com.intuit.karate.Suite.run(Suite.java:235)\r\n\tat com.intuit.karate.Runner$Builder.parallel(Runner.java:575)\r\n\tat com.intuit.karate.cli.IdeMain.main(IdeMain.java:60)\r\n\tat cucumber.api.cli.Main.main(Main.java:34)\r\n"}],"line":98,"description":"","durationMillis":0.3253,"failed":true,"error":"js failed:\n>>>>\n01: read('Authentication.csv')\n<<<<\norg.graalvm.polyglot.PolyglotException: java.io.FileNotFoundException: D:\\JhonEgoavil\\Workspace\\qaChallenge\\src\\test\\java\\Authentication\\Authentication.csv (El sistema no puede encontrar el archivo especificado)\n- com.intuit.karate.resource.FileResource.getStream(FileResource.java:98)\n- com.intuit.karate.core.ScenarioFileReader.readFileAsStream(ScenarioFileReader.java:102)\n- com.intuit.karate.core.ScenarioFileReader.readFileAsString(ScenarioFileReader.java:98)\n- com.intuit.karate.core.ScenarioFileReader.readFile(ScenarioFileReader.java:71)\n- com.intuit.karate.core.ScenarioEngine.lambda$new$0(ScenarioEngine.java:129)\n- <js>.:program(Unnamed:1)\n\nsrc\/test\/java\/Authentication\/Authenticacion.feature:98","tags":["Test5"],"executorName":"main","name":"'CP005: 5.\tVerificar que al enviar el campo obligatorio \u201Cemail\u201D en el registro se obtenga code 201 y msg \u201CSAVED\u201D.'","startTime":1654098436097,"refId":"[5.1:98]","endTime":0,"exampleIndex":0},{"sectionIndex":5,"stepResults":[{"result":{"nanos":85100,"millis":0.0851,"status":"passed"},"step":{"background":true,"line":4,"prefix":"*","index":0,"text":"url BaseUrl"},"stepLog":"10:47:16.105 karate.env system property was: null \n"},{"result":{"nanos":172500,"millis":0.1725,"status":"passed"},"step":{"background":true,"line":5,"prefix":"*","index":1,"text":"header Accept = 'application\/json'"}},{"result":{"nanos":0,"errorMessage":"js failed:\n>>>>\n01: read('Authentication.csv')\n<<<<\norg.graalvm.polyglot.PolyglotException: java.io.FileNotFoundException: D:\\JhonEgoavil\\Workspace\\qaChallenge\\src\\test\\java\\Authentication\\Authentication.csv (El sistema no puede encontrar el archivo especificado)\n- com.intuit.karate.resource.FileResource.getStream(FileResource.java:98)\n- com.intuit.karate.core.ScenarioFileReader.readFileAsStream(ScenarioFileReader.java:102)\n- com.intuit.karate.core.ScenarioFileReader.readFileAsString(ScenarioFileReader.java:98)\n- com.intuit.karate.core.ScenarioFileReader.readFile(ScenarioFileReader.java:71)\n- com.intuit.karate.core.ScenarioEngine.lambda$new$0(ScenarioEngine.java:129)\n- <js>.:program(Unnamed:1)\n\nsrc\/test\/java\/Authentication\/Authenticacion.feature:116","millis":0.0,"status":"failed"},"step":{"endLine":0,"line":116,"prefix":"*","index":-1,"text":"dynamic expression evaluation failed: read('Authentication.csv')"},"stepLog":"js failed:\n>>>>\n01: read('Authentication.csv')\n<<<<\norg.graalvm.polyglot.PolyglotException: java.io.FileNotFoundException: D:\\JhonEgoavil\\Workspace\\qaChallenge\\src\\test\\java\\Authentication\\Authentication.csv (El sistema no puede encontrar el archivo especificado)\n- com.intuit.karate.resource.FileResource.getStream(FileResource.java:98)\n- com.intuit.karate.core.ScenarioFileReader.readFileAsStream(ScenarioFileReader.java:102)\n- com.intuit.karate.core.ScenarioFileReader.readFileAsString(ScenarioFileReader.java:98)\n- com.intuit.karate.core.ScenarioFileReader.readFile(ScenarioFileReader.java:71)\n- com.intuit.karate.core.ScenarioEngine.lambda$new$0(ScenarioEngine.java:129)\n- <js>.:program(Unnamed:1)\n\ncom.intuit.karate.KarateException: js failed:\n>>>>\n01: read('Authentication.csv')\n<<<<\norg.graalvm.polyglot.PolyglotException: java.io.FileNotFoundException: D:\\JhonEgoavil\\Workspace\\qaChallenge\\src\\test\\java\\Authentication\\Authentication.csv (El sistema no puede encontrar el archivo especificado)\n- com.intuit.karate.resource.FileResource.getStream(FileResource.java:98)\n- com.intuit.karate.core.ScenarioFileReader.readFileAsStream(ScenarioFileReader.java:102)\n- com.intuit.karate.core.ScenarioFileReader.readFileAsString(ScenarioFileReader.java:98)\n- com.intuit.karate.core.ScenarioFileReader.readFile(ScenarioFileReader.java:71)\n- com.intuit.karate.core.ScenarioEngine.lambda$new$0(ScenarioEngine.java:129)\n- <js>.:program(Unnamed:1)\n\r\n\tat com.intuit.karate.graal.JsEngine.fromJsEvalException(JsEngine.java:233)\r\n\tat com.intuit.karate.core.ScenarioEngine.evalJs(ScenarioEngine.java:1346)\r\n\tat com.intuit.karate.core.ScenarioEngine.evalKarateExpression(ScenarioEngine.java:2373)\r\n\tat com.intuit.karate.core.ScenarioEngine.evalKarateExpression(ScenarioEngine.java:2292)\r\n\tat com.intuit.karate.core.ScenarioIterator.tryAdvance(ScenarioIterator.java:107)\r\n\tat com.intuit.karate.core.ScenarioIterator.tryAdvance(ScenarioIterator.java:88)\r\n\tat java.base\/java.util.stream.StreamSpliterators$WrappingSpliterator.lambda$initPartialTraversalState$0(StreamSpliterators.java:294)\r\n\tat java.base\/java.util.stream.StreamSpliterators$AbstractWrappingSpliterator.fillBuffer(StreamSpliterators.java:206)\r\n\tat java.base\/java.util.stream.StreamSpliterators$AbstractWrappingSpliterator.doAdvance(StreamSpliterators.java:169)\r\n\tat java.base\/java.util.stream.StreamSpliterators$WrappingSpliterator.tryAdvance(StreamSpliterators.java:300)\r\n\tat java.base\/java.util.Spliterators$1Adapter.hasNext(Spliterators.java:681)\r\n\tat java.base\/java.util.Iterator.forEachRemaining(Iterator.java:132)\r\n\tat com.intuit.karate.core.FeatureRuntime.run(FeatureRuntime.java:165)\r\n\tat java.base\/java.util.concurrent.Executors$RunnableAdapter.call(Executors.java:515)\r\n\tat java.base\/java.util.concurrent.FutureTask.run(FutureTask.java:264)\r\n\tat com.intuit.karate.core.SyncExecutorService.execute(SyncExecutorService.java:70)\r\n\tat java.base\/java.util.concurrent.AbstractExecutorService.submit(AbstractExecutorService.java:123)\r\n\tat com.intuit.karate.Suite.run(Suite.java:235)\r\n\tat com.intuit.karate.Runner$Builder.parallel(Runner.java:575)\r\n\tat com.intuit.karate.cli.IdeMain.main(IdeMain.java:60)\r\n\tat cucumber.api.cli.Main.main(Main.java:34)\r\n"}],"line":116,"description":"","durationMillis":0.2576,"failed":true,"error":"js failed:\n>>>>\n01: read('Authentication.csv')\n<<<<\norg.graalvm.polyglot.PolyglotException: java.io.FileNotFoundException: D:\\JhonEgoavil\\Workspace\\qaChallenge\\src\\test\\java\\Authentication\\Authentication.csv (El sistema no puede encontrar el archivo especificado)\n- com.intuit.karate.resource.FileResource.getStream(FileResource.java:98)\n- com.intuit.karate.core.ScenarioFileReader.readFileAsStream(ScenarioFileReader.java:102)\n- com.intuit.karate.core.ScenarioFileReader.readFileAsString(ScenarioFileReader.java:98)\n- com.intuit.karate.core.ScenarioFileReader.readFile(ScenarioFileReader.java:71)\n- com.intuit.karate.core.ScenarioEngine.lambda$new$0(ScenarioEngine.java:129)\n- <js>.:program(Unnamed:1)\n\nsrc\/test\/java\/Authentication\/Authenticacion.feature:116","tags":["Test6"],"executorName":"main","name":"'CP006: 6.\tVerificar que al no enviar el campo obligatorio \u201Cemail\u201D en el registro se obtenga statusCode 422, code 999 y msg \u201CREQUIRED\u201D.'","startTime":1654098436105,"refId":"[6.1:116]","endTime":0,"exampleIndex":0},{"sectionIndex":6,"stepResults":[{"result":{"nanos":122100,"millis":0.1221,"status":"passed"},"step":{"background":true,"line":4,"prefix":"*","index":0,"text":"url BaseUrl"},"stepLog":"10:47:16.111 karate.env system property was: null \n"},{"result":{"nanos":187800,"millis":0.1878,"status":"passed"},"step":{"background":true,"line":5,"prefix":"*","index":1,"text":"header Accept = 'application\/json'"}},{"result":{"nanos":0,"errorMessage":"js failed:\n>>>>\n01: read('Authentication.csv')\n<<<<\norg.graalvm.polyglot.PolyglotException: java.io.FileNotFoundException: D:\\JhonEgoavil\\Workspace\\qaChallenge\\src\\test\\java\\Authentication\\Authentication.csv (El sistema no puede encontrar el archivo especificado)\n- com.intuit.karate.resource.FileResource.getStream(FileResource.java:98)\n- com.intuit.karate.core.ScenarioFileReader.readFileAsStream(ScenarioFileReader.java:102)\n- com.intuit.karate.core.ScenarioFileReader.readFileAsString(ScenarioFileReader.java:98)\n- com.intuit.karate.core.ScenarioFileReader.readFile(ScenarioFileReader.java:71)\n- com.intuit.karate.core.ScenarioEngine.lambda$new$0(ScenarioEngine.java:129)\n- <js>.:program(Unnamed:1)\n\nsrc\/test\/java\/Authentication\/Authenticacion.feature:134","millis":0.0,"status":"failed"},"step":{"endLine":0,"line":134,"prefix":"*","index":-1,"text":"dynamic expression evaluation failed: read('Authentication.csv')"},"stepLog":"js failed:\n>>>>\n01: read('Authentication.csv')\n<<<<\norg.graalvm.polyglot.PolyglotException: java.io.FileNotFoundException: D:\\JhonEgoavil\\Workspace\\qaChallenge\\src\\test\\java\\Authentication\\Authentication.csv (El sistema no puede encontrar el archivo especificado)\n- com.intuit.karate.resource.FileResource.getStream(FileResource.java:98)\n- com.intuit.karate.core.ScenarioFileReader.readFileAsStream(ScenarioFileReader.java:102)\n- com.intuit.karate.core.ScenarioFileReader.readFileAsString(ScenarioFileReader.java:98)\n- com.intuit.karate.core.ScenarioFileReader.readFile(ScenarioFileReader.java:71)\n- com.intuit.karate.core.ScenarioEngine.lambda$new$0(ScenarioEngine.java:129)\n- <js>.:program(Unnamed:1)\n\ncom.intuit.karate.KarateException: js failed:\n>>>>\n01: read('Authentication.csv')\n<<<<\norg.graalvm.polyglot.PolyglotException: java.io.FileNotFoundException: D:\\JhonEgoavil\\Workspace\\qaChallenge\\src\\test\\java\\Authentication\\Authentication.csv (El sistema no puede encontrar el archivo especificado)\n- com.intuit.karate.resource.FileResource.getStream(FileResource.java:98)\n- com.intuit.karate.core.ScenarioFileReader.readFileAsStream(ScenarioFileReader.java:102)\n- com.intuit.karate.core.ScenarioFileReader.readFileAsString(ScenarioFileReader.java:98)\n- com.intuit.karate.core.ScenarioFileReader.readFile(ScenarioFileReader.java:71)\n- com.intuit.karate.core.ScenarioEngine.lambda$new$0(ScenarioEngine.java:129)\n- <js>.:program(Unnamed:1)\n\r\n\tat com.intuit.karate.graal.JsEngine.fromJsEvalException(JsEngine.java:233)\r\n\tat com.intuit.karate.core.ScenarioEngine.evalJs(ScenarioEngine.java:1346)\r\n\tat com.intuit.karate.core.ScenarioEngine.evalKarateExpression(ScenarioEngine.java:2373)\r\n\tat com.intuit.karate.core.ScenarioEngine.evalKarateExpression(ScenarioEngine.java:2292)\r\n\tat com.intuit.karate.core.ScenarioIterator.tryAdvance(ScenarioIterator.java:107)\r\n\tat com.intuit.karate.core.ScenarioIterator.tryAdvance(ScenarioIterator.java:88)\r\n\tat java.base\/java.util.stream.StreamSpliterators$WrappingSpliterator.lambda$initPartialTraversalState$0(StreamSpliterators.java:294)\r\n\tat java.base\/java.util.stream.StreamSpliterators$AbstractWrappingSpliterator.fillBuffer(StreamSpliterators.java:206)\r\n\tat java.base\/java.util.stream.StreamSpliterators$AbstractWrappingSpliterator.doAdvance(StreamSpliterators.java:169)\r\n\tat java.base\/java.util.stream.StreamSpliterators$WrappingSpliterator.tryAdvance(StreamSpliterators.java:300)\r\n\tat java.base\/java.util.Spliterators$1Adapter.hasNext(Spliterators.java:681)\r\n\tat java.base\/java.util.Iterator.forEachRemaining(Iterator.java:132)\r\n\tat com.intuit.karate.core.FeatureRuntime.run(FeatureRuntime.java:165)\r\n\tat java.base\/java.util.concurrent.Executors$RunnableAdapter.call(Executors.java:515)\r\n\tat java.base\/java.util.concurrent.FutureTask.run(FutureTask.java:264)\r\n\tat com.intuit.karate.core.SyncExecutorService.execute(SyncExecutorService.java:70)\r\n\tat java.base\/java.util.concurrent.AbstractExecutorService.submit(AbstractExecutorService.java:123)\r\n\tat com.intuit.karate.Suite.run(Suite.java:235)\r\n\tat com.intuit.karate.Runner$Builder.parallel(Runner.java:575)\r\n\tat com.intuit.karate.cli.IdeMain.main(IdeMain.java:60)\r\n\tat cucumber.api.cli.Main.main(Main.java:34)\r\n"}],"line":134,"description":"","durationMillis":0.3099,"failed":true,"error":"js failed:\n>>>>\n01: read('Authentication.csv')\n<<<<\norg.graalvm.polyglot.PolyglotException: java.io.FileNotFoundException: D:\\JhonEgoavil\\Workspace\\qaChallenge\\src\\test\\java\\Authentication\\Authentication.csv (El sistema no puede encontrar el archivo especificado)\n- com.intuit.karate.resource.FileResource.getStream(FileResource.java:98)\n- com.intuit.karate.core.ScenarioFileReader.readFileAsStream(ScenarioFileReader.java:102)\n- com.intuit.karate.core.ScenarioFileReader.readFileAsString(ScenarioFileReader.java:98)\n- com.intuit.karate.core.ScenarioFileReader.readFile(ScenarioFileReader.java:71)\n- com.intuit.karate.core.ScenarioEngine.lambda$new$0(ScenarioEngine.java:129)\n- <js>.:program(Unnamed:1)\n\nsrc\/test\/java\/Authentication\/Authenticacion.feature:134","tags":["Test7"],"executorName":"main","name":"'CP007: 7.\tVerificar que al enviar el campo obligatorio \u201Cemail\u201D en el login se obtenga code 201 y msg \u201CLOGIN VALID\u201D.'","startTime":1654098436111,"refId":"[7.1:134]","endTime":0,"exampleIndex":0},{"sectionIndex":7,"stepResults":[{"result":{"nanos":120700,"millis":0.1207,"status":"passed"},"step":{"background":true,"line":4,"prefix":"*","index":0,"text":"url BaseUrl"},"stepLog":"10:47:16.117 karate.env system property was: null \n"},{"result":{"nanos":206700,"millis":0.2067,"status":"passed"},"step":{"background":true,"line":5,"prefix":"*","index":1,"text":"header Accept = 'application\/json'"}},{"result":{"nanos":0,"errorMessage":"js failed:\n>>>>\n01: read('Authentication.csv')\n<<<<\norg.graalvm.polyglot.PolyglotException: java.io.FileNotFoundException: D:\\JhonEgoavil\\Workspace\\qaChallenge\\src\\test\\java\\Authentication\\Authentication.csv (El sistema no puede encontrar el archivo especificado)\n- com.intuit.karate.resource.FileResource.getStream(FileResource.java:98)\n- com.intuit.karate.core.ScenarioFileReader.readFileAsStream(ScenarioFileReader.java:102)\n- com.intuit.karate.core.ScenarioFileReader.readFileAsString(ScenarioFileReader.java:98)\n- com.intuit.karate.core.ScenarioFileReader.readFile(ScenarioFileReader.java:71)\n- com.intuit.karate.core.ScenarioEngine.lambda$new$0(ScenarioEngine.java:129)\n- <js>.:program(Unnamed:1)\n\nsrc\/test\/java\/Authentication\/Authenticacion.feature:152","millis":0.0,"status":"failed"},"step":{"endLine":0,"line":152,"prefix":"*","index":-1,"text":"dynamic expression evaluation failed: read('Authentication.csv')"},"stepLog":"js failed:\n>>>>\n01: read('Authentication.csv')\n<<<<\norg.graalvm.polyglot.PolyglotException: java.io.FileNotFoundException: D:\\JhonEgoavil\\Workspace\\qaChallenge\\src\\test\\java\\Authentication\\Authentication.csv (El sistema no puede encontrar el archivo especificado)\n- com.intuit.karate.resource.FileResource.getStream(FileResource.java:98)\n- com.intuit.karate.core.ScenarioFileReader.readFileAsStream(ScenarioFileReader.java:102)\n- com.intuit.karate.core.ScenarioFileReader.readFileAsString(ScenarioFileReader.java:98)\n- com.intuit.karate.core.ScenarioFileReader.readFile(ScenarioFileReader.java:71)\n- com.intuit.karate.core.ScenarioEngine.lambda$new$0(ScenarioEngine.java:129)\n- <js>.:program(Unnamed:1)\n\ncom.intuit.karate.KarateException: js failed:\n>>>>\n01: read('Authentication.csv')\n<<<<\norg.graalvm.polyglot.PolyglotException: java.io.FileNotFoundException: D:\\JhonEgoavil\\Workspace\\qaChallenge\\src\\test\\java\\Authentication\\Authentication.csv (El sistema no puede encontrar el archivo especificado)\n- com.intuit.karate.resource.FileResource.getStream(FileResource.java:98)\n- com.intuit.karate.core.ScenarioFileReader.readFileAsStream(ScenarioFileReader.java:102)\n- com.intuit.karate.core.ScenarioFileReader.readFileAsString(ScenarioFileReader.java:98)\n- com.intuit.karate.core.ScenarioFileReader.readFile(ScenarioFileReader.java:71)\n- com.intuit.karate.core.ScenarioEngine.lambda$new$0(ScenarioEngine.java:129)\n- <js>.:program(Unnamed:1)\n\r\n\tat com.intuit.karate.graal.JsEngine.fromJsEvalException(JsEngine.java:233)\r\n\tat com.intuit.karate.core.ScenarioEngine.evalJs(ScenarioEngine.java:1346)\r\n\tat com.intuit.karate.core.ScenarioEngine.evalKarateExpression(ScenarioEngine.java:2373)\r\n\tat com.intuit.karate.core.ScenarioEngine.evalKarateExpression(ScenarioEngine.java:2292)\r\n\tat com.intuit.karate.core.ScenarioIterator.tryAdvance(ScenarioIterator.java:107)\r\n\tat com.intuit.karate.core.ScenarioIterator.tryAdvance(ScenarioIterator.java:88)\r\n\tat java.base\/java.util.stream.StreamSpliterators$WrappingSpliterator.lambda$initPartialTraversalState$0(StreamSpliterators.java:294)\r\n\tat java.base\/java.util.stream.StreamSpliterators$AbstractWrappingSpliterator.fillBuffer(StreamSpliterators.java:206)\r\n\tat java.base\/java.util.stream.StreamSpliterators$AbstractWrappingSpliterator.doAdvance(StreamSpliterators.java:169)\r\n\tat java.base\/java.util.stream.StreamSpliterators$WrappingSpliterator.tryAdvance(StreamSpliterators.java:300)\r\n\tat java.base\/java.util.Spliterators$1Adapter.hasNext(Spliterators.java:681)\r\n\tat java.base\/java.util.Iterator.forEachRemaining(Iterator.java:132)\r\n\tat com.intuit.karate.core.FeatureRuntime.run(FeatureRuntime.java:165)\r\n\tat java.base\/java.util.concurrent.Executors$RunnableAdapter.call(Executors.java:515)\r\n\tat java.base\/java.util.concurrent.FutureTask.run(FutureTask.java:264)\r\n\tat com.intuit.karate.core.SyncExecutorService.execute(SyncExecutorService.java:70)\r\n\tat java.base\/java.util.concurrent.AbstractExecutorService.submit(AbstractExecutorService.java:123)\r\n\tat com.intuit.karate.Suite.run(Suite.java:235)\r\n\tat com.intuit.karate.Runner$Builder.parallel(Runner.java:575)\r\n\tat com.intuit.karate.cli.IdeMain.main(IdeMain.java:60)\r\n\tat cucumber.api.cli.Main.main(Main.java:34)\r\n"}],"line":152,"description":"","durationMillis":0.3274,"failed":true,"error":"js failed:\n>>>>\n01: read('Authentication.csv')\n<<<<\norg.graalvm.polyglot.PolyglotException: java.io.FileNotFoundException: D:\\JhonEgoavil\\Workspace\\qaChallenge\\src\\test\\java\\Authentication\\Authentication.csv (El sistema no puede encontrar el archivo especificado)\n- com.intuit.karate.resource.FileResource.getStream(FileResource.java:98)\n- com.intuit.karate.core.ScenarioFileReader.readFileAsStream(ScenarioFileReader.java:102)\n- com.intuit.karate.core.ScenarioFileReader.readFileAsString(ScenarioFileReader.java:98)\n- com.intuit.karate.core.ScenarioFileReader.readFile(ScenarioFileReader.java:71)\n- com.intuit.karate.core.ScenarioEngine.lambda$new$0(ScenarioEngine.java:129)\n- <js>.:program(Unnamed:1)\n\nsrc\/test\/java\/Authentication\/Authenticacion.feature:152","tags":["Test8"],"executorName":"main","name":"'CP008: 8.\tVerificar que al no enviar el campo obligatorio \u201Cemail\u201D en el login se obtenga un statusCode 422, code 999 y msg \u201CREQUIRED\u201D.'","startTime":1654098436117,"refId":"[8.1:152]","endTime":0,"exampleIndex":0},{"sectionIndex":8,"stepResults":[{"result":{"nanos":81100,"millis":0.0811,"status":"passed"},"step":{"background":true,"line":4,"prefix":"*","index":0,"text":"url BaseUrl"},"stepLog":"10:47:16.124 karate.env system property was: null \n"},{"result":{"nanos":198700,"millis":0.1987,"status":"passed"},"step":{"background":true,"line":5,"prefix":"*","index":1,"text":"header Accept = 'application\/json'"}},{"result":{"nanos":0,"errorMessage":"js failed:\n>>>>\n01: read('Authentication.csv')\n<<<<\norg.graalvm.polyglot.PolyglotException: java.io.FileNotFoundException: D:\\JhonEgoavil\\Workspace\\qaChallenge\\src\\test\\java\\Authentication\\Authentication.csv (El sistema no puede encontrar el archivo especificado)\n- com.intuit.karate.resource.FileResource.getStream(FileResource.java:98)\n- com.intuit.karate.core.ScenarioFileReader.readFileAsStream(ScenarioFileReader.java:102)\n- com.intuit.karate.core.ScenarioFileReader.readFileAsString(ScenarioFileReader.java:98)\n- com.intuit.karate.core.ScenarioFileReader.readFile(ScenarioFileReader.java:71)\n- com.intuit.karate.core.ScenarioEngine.lambda$new$0(ScenarioEngine.java:129)\n- <js>.:program(Unnamed:1)\n\nsrc\/test\/java\/Authentication\/Authenticacion.feature:170","millis":0.0,"status":"failed"},"step":{"endLine":0,"line":170,"prefix":"*","index":-1,"text":"dynamic expression evaluation failed: read('Authentication.csv')"},"stepLog":"js failed:\n>>>>\n01: read('Authentication.csv')\n<<<<\norg.graalvm.polyglot.PolyglotException: java.io.FileNotFoundException: D:\\JhonEgoavil\\Workspace\\qaChallenge\\src\\test\\java\\Authentication\\Authentication.csv (El sistema no puede encontrar el archivo especificado)\n- com.intuit.karate.resource.FileResource.getStream(FileResource.java:98)\n- com.intuit.karate.core.ScenarioFileReader.readFileAsStream(ScenarioFileReader.java:102)\n- com.intuit.karate.core.ScenarioFileReader.readFileAsString(ScenarioFileReader.java:98)\n- com.intuit.karate.core.ScenarioFileReader.readFile(ScenarioFileReader.java:71)\n- com.intuit.karate.core.ScenarioEngine.lambda$new$0(ScenarioEngine.java:129)\n- <js>.:program(Unnamed:1)\n\ncom.intuit.karate.KarateException: js failed:\n>>>>\n01: read('Authentication.csv')\n<<<<\norg.graalvm.polyglot.PolyglotException: java.io.FileNotFoundException: D:\\JhonEgoavil\\Workspace\\qaChallenge\\src\\test\\java\\Authentication\\Authentication.csv (El sistema no puede encontrar el archivo especificado)\n- com.intuit.karate.resource.FileResource.getStream(FileResource.java:98)\n- com.intuit.karate.core.ScenarioFileReader.readFileAsStream(ScenarioFileReader.java:102)\n- com.intuit.karate.core.ScenarioFileReader.readFileAsString(ScenarioFileReader.java:98)\n- com.intuit.karate.core.ScenarioFileReader.readFile(ScenarioFileReader.java:71)\n- com.intuit.karate.core.ScenarioEngine.lambda$new$0(ScenarioEngine.java:129)\n- <js>.:program(Unnamed:1)\n\r\n\tat com.intuit.karate.graal.JsEngine.fromJsEvalException(JsEngine.java:233)\r\n\tat com.intuit.karate.core.ScenarioEngine.evalJs(ScenarioEngine.java:1346)\r\n\tat com.intuit.karate.core.ScenarioEngine.evalKarateExpression(ScenarioEngine.java:2373)\r\n\tat com.intuit.karate.core.ScenarioEngine.evalKarateExpression(ScenarioEngine.java:2292)\r\n\tat com.intuit.karate.core.ScenarioIterator.tryAdvance(ScenarioIterator.java:107)\r\n\tat com.intuit.karate.core.ScenarioIterator.tryAdvance(ScenarioIterator.java:88)\r\n\tat java.base\/java.util.stream.StreamSpliterators$WrappingSpliterator.lambda$initPartialTraversalState$0(StreamSpliterators.java:294)\r\n\tat java.base\/java.util.stream.StreamSpliterators$AbstractWrappingSpliterator.fillBuffer(StreamSpliterators.java:206)\r\n\tat java.base\/java.util.stream.StreamSpliterators$AbstractWrappingSpliterator.doAdvance(StreamSpliterators.java:169)\r\n\tat java.base\/java.util.stream.StreamSpliterators$WrappingSpliterator.tryAdvance(StreamSpliterators.java:300)\r\n\tat java.base\/java.util.Spliterators$1Adapter.hasNext(Spliterators.java:681)\r\n\tat java.base\/java.util.Iterator.forEachRemaining(Iterator.java:132)\r\n\tat com.intuit.karate.core.FeatureRuntime.run(FeatureRuntime.java:165)\r\n\tat java.base\/java.util.concurrent.Executors$RunnableAdapter.call(Executors.java:515)\r\n\tat java.base\/java.util.concurrent.FutureTask.run(FutureTask.java:264)\r\n\tat com.intuit.karate.core.SyncExecutorService.execute(SyncExecutorService.java:70)\r\n\tat java.base\/java.util.concurrent.AbstractExecutorService.submit(AbstractExecutorService.java:123)\r\n\tat com.intuit.karate.Suite.run(Suite.java:235)\r\n\tat com.intuit.karate.Runner$Builder.parallel(Runner.java:575)\r\n\tat com.intuit.karate.cli.IdeMain.main(IdeMain.java:60)\r\n\tat cucumber.api.cli.Main.main(Main.java:34)\r\n"}],"line":170,"description":"","durationMillis":0.2798,"failed":true,"error":"js failed:\n>>>>\n01: read('Authentication.csv')\n<<<<\norg.graalvm.polyglot.PolyglotException: java.io.FileNotFoundException: D:\\JhonEgoavil\\Workspace\\qaChallenge\\src\\test\\java\\Authentication\\Authentication.csv (El sistema no puede encontrar el archivo especificado)\n- com.intuit.karate.resource.FileResource.getStream(FileResource.java:98)\n- com.intuit.karate.core.ScenarioFileReader.readFileAsStream(ScenarioFileReader.java:102)\n- com.intuit.karate.core.ScenarioFileReader.readFileAsString(ScenarioFileReader.java:98)\n- com.intuit.karate.core.ScenarioFileReader.readFile(ScenarioFileReader.java:71)\n- com.intuit.karate.core.ScenarioEngine.lambda$new$0(ScenarioEngine.java:129)\n- <js>.:program(Unnamed:1)\n\nsrc\/test\/java\/Authentication\/Authenticacion.feature:170","tags":["Test9"],"executorName":"main","name":"'CP009: 9.\tVerificar que al enviar el campo obligatorio \u201Cpassword\u201D en el registro se obtenga code 201 y msg \u201CSAVED\u201D.'","startTime":1654098436123,"refId":"[9.1:170]","endTime":0,"exampleIndex":0},{"sectionIndex":9,"stepResults":[{"result":{"nanos":135700,"millis":0.1357,"status":"passed"},"step":{"background":true,"line":4,"prefix":"*","index":0,"text":"url BaseUrl"},"stepLog":"10:47:16.130 karate.env system property was: null \n"},{"result":{"nanos":183400,"millis":0.1834,"status":"passed"},"step":{"background":true,"line":5,"prefix":"*","index":1,"text":"header Accept = 'application\/json'"}},{"result":{"nanos":0,"errorMessage":"js failed:\n>>>>\n01: read('Authentication.csv')\n<<<<\norg.graalvm.polyglot.PolyglotException: java.io.FileNotFoundException: D:\\JhonEgoavil\\Workspace\\qaChallenge\\src\\test\\java\\Authentication\\Authentication.csv (El sistema no puede encontrar el archivo especificado)\n- com.intuit.karate.resource.FileResource.getStream(FileResource.java:98)\n- com.intuit.karate.core.ScenarioFileReader.readFileAsStream(ScenarioFileReader.java:102)\n- com.intuit.karate.core.ScenarioFileReader.readFileAsString(ScenarioFileReader.java:98)\n- com.intuit.karate.core.ScenarioFileReader.readFile(ScenarioFileReader.java:71)\n- com.intuit.karate.core.ScenarioEngine.lambda$new$0(ScenarioEngine.java:129)\n- <js>.:program(Unnamed:1)\n\nsrc\/test\/java\/Authentication\/Authenticacion.feature:188","millis":0.0,"status":"failed"},"step":{"endLine":0,"line":188,"prefix":"*","index":-1,"text":"dynamic expression evaluation failed: read('Authentication.csv')"},"stepLog":"js failed:\n>>>>\n01: read('Authentication.csv')\n<<<<\norg.graalvm.polyglot.PolyglotException: java.io.FileNotFoundException: D:\\JhonEgoavil\\Workspace\\qaChallenge\\src\\test\\java\\Authentication\\Authentication.csv (El sistema no puede encontrar el archivo especificado)\n- com.intuit.karate.resource.FileResource.getStream(FileResource.java:98)\n- com.intuit.karate.core.ScenarioFileReader.readFileAsStream(ScenarioFileReader.java:102)\n- com.intuit.karate.core.ScenarioFileReader.readFileAsString(ScenarioFileReader.java:98)\n- com.intuit.karate.core.ScenarioFileReader.readFile(ScenarioFileReader.java:71)\n- com.intuit.karate.core.ScenarioEngine.lambda$new$0(ScenarioEngine.java:129)\n- <js>.:program(Unnamed:1)\n\ncom.intuit.karate.KarateException: js failed:\n>>>>\n01: read('Authentication.csv')\n<<<<\norg.graalvm.polyglot.PolyglotException: java.io.FileNotFoundException: D:\\JhonEgoavil\\Workspace\\qaChallenge\\src\\test\\java\\Authentication\\Authentication.csv (El sistema no puede encontrar el archivo especificado)\n- com.intuit.karate.resource.FileResource.getStream(FileResource.java:98)\n- com.intuit.karate.core.ScenarioFileReader.readFileAsStream(ScenarioFileReader.java:102)\n- com.intuit.karate.core.ScenarioFileReader.readFileAsString(ScenarioFileReader.java:98)\n- com.intuit.karate.core.ScenarioFileReader.readFile(ScenarioFileReader.java:71)\n- com.intuit.karate.core.ScenarioEngine.lambda$new$0(ScenarioEngine.java:129)\n- <js>.:program(Unnamed:1)\n\r\n\tat com.intuit.karate.graal.JsEngine.fromJsEvalException(JsEngine.java:233)\r\n\tat com.intuit.karate.core.ScenarioEngine.evalJs(ScenarioEngine.java:1346)\r\n\tat com.intuit.karate.core.ScenarioEngine.evalKarateExpression(ScenarioEngine.java:2373)\r\n\tat com.intuit.karate.core.ScenarioEngine.evalKarateExpression(ScenarioEngine.java:2292)\r\n\tat com.intuit.karate.core.ScenarioIterator.tryAdvance(ScenarioIterator.java:107)\r\n\tat com.intuit.karate.core.ScenarioIterator.tryAdvance(ScenarioIterator.java:88)\r\n\tat java.base\/java.util.stream.StreamSpliterators$WrappingSpliterator.lambda$initPartialTraversalState$0(StreamSpliterators.java:294)\r\n\tat java.base\/java.util.stream.StreamSpliterators$AbstractWrappingSpliterator.fillBuffer(StreamSpliterators.java:206)\r\n\tat java.base\/java.util.stream.StreamSpliterators$AbstractWrappingSpliterator.doAdvance(StreamSpliterators.java:169)\r\n\tat java.base\/java.util.stream.StreamSpliterators$WrappingSpliterator.tryAdvance(StreamSpliterators.java:300)\r\n\tat java.base\/java.util.Spliterators$1Adapter.hasNext(Spliterators.java:681)\r\n\tat java.base\/java.util.Iterator.forEachRemaining(Iterator.java:132)\r\n\tat com.intuit.karate.core.FeatureRuntime.run(FeatureRuntime.java:165)\r\n\tat java.base\/java.util.concurrent.Executors$RunnableAdapter.call(Executors.java:515)\r\n\tat java.base\/java.util.concurrent.FutureTask.run(FutureTask.java:264)\r\n\tat com.intuit.karate.core.SyncExecutorService.execute(SyncExecutorService.java:70)\r\n\tat java.base\/java.util.concurrent.AbstractExecutorService.submit(AbstractExecutorService.java:123)\r\n\tat com.intuit.karate.Suite.run(Suite.java:235)\r\n\tat com.intuit.karate.Runner$Builder.parallel(Runner.java:575)\r\n\tat com.intuit.karate.cli.IdeMain.main(IdeMain.java:60)\r\n\tat cucumber.api.cli.Main.main(Main.java:34)\r\n"}],"line":188,"description":"","durationMillis":0.3191,"failed":true,"error":"js failed:\n>>>>\n01: read('Authentication.csv')\n<<<<\norg.graalvm.polyglot.PolyglotException: java.io.FileNotFoundException: D:\\JhonEgoavil\\Workspace\\qaChallenge\\src\\test\\java\\Authentication\\Authentication.csv (El sistema no puede encontrar el archivo especificado)\n- com.intuit.karate.resource.FileResource.getStream(FileResource.java:98)\n- com.intuit.karate.core.ScenarioFileReader.readFileAsStream(ScenarioFileReader.java:102)\n- com.intuit.karate.core.ScenarioFileReader.readFileAsString(ScenarioFileReader.java:98)\n- com.intuit.karate.core.ScenarioFileReader.readFile(ScenarioFileReader.java:71)\n- com.intuit.karate.core.ScenarioEngine.lambda$new$0(ScenarioEngine.java:129)\n- <js>.:program(Unnamed:1)\n\nsrc\/test\/java\/Authentication\/Authenticacion.feature:188","tags":["Test10"],"executorName":"main","name":"'CP010: 10.\tVerificar que al no enviar el campo obligatorio \u201Cpassword\u201D en el registro se obtenga statusCode 422, code 999 y msg \u201CREQUIRED\u201D.'","startTime":1654098436129,"refId":"[10.1:188]","endTime":0,"exampleIndex":0},{"sectionIndex":10,"stepResults":[{"result":{"nanos":72700,"millis":0.0727,"status":"passed"},"step":{"background":true,"line":4,"prefix":"*","index":0,"text":"url BaseUrl"},"stepLog":"10:47:16.135 karate.env system property was: null \n"},{"result":{"nanos":167000,"millis":0.167,"status":"passed"},"step":{"background":true,"line":5,"prefix":"*","index":1,"text":"header Accept = 'application\/json'"}},{"result":{"nanos":0,"errorMessage":"js failed:\n>>>>\n01: read('Authentication.csv')\n<<<<\norg.graalvm.polyglot.PolyglotException: java.io.FileNotFoundException: D:\\JhonEgoavil\\Workspace\\qaChallenge\\src\\test\\java\\Authentication\\Authentication.csv (El sistema no puede encontrar el archivo especificado)\n- com.intuit.karate.resource.FileResource.getStream(FileResource.java:98)\n- com.intuit.karate.core.ScenarioFileReader.readFileAsStream(ScenarioFileReader.java:102)\n- com.intuit.karate.core.ScenarioFileReader.readFileAsString(ScenarioFileReader.java:98)\n- com.intuit.karate.core.ScenarioFileReader.readFile(ScenarioFileReader.java:71)\n- com.intuit.karate.core.ScenarioEngine.lambda$new$0(ScenarioEngine.java:129)\n- <js>.:program(Unnamed:1)\n\nsrc\/test\/java\/Authentication\/Authenticacion.feature:206","millis":0.0,"status":"failed"},"step":{"endLine":0,"line":206,"prefix":"*","index":-1,"text":"dynamic expression evaluation failed: read('Authentication.csv')"},"stepLog":"js failed:\n>>>>\n01: read('Authentication.csv')\n<<<<\norg.graalvm.polyglot.PolyglotException: java.io.FileNotFoundException: D:\\JhonEgoavil\\Workspace\\qaChallenge\\src\\test\\java\\Authentication\\Authentication.csv (El sistema no puede encontrar el archivo especificado)\n- com.intuit.karate.resource.FileResource.getStream(FileResource.java:98)\n- com.intuit.karate.core.ScenarioFileReader.readFileAsStream(ScenarioFileReader.java:102)\n- com.intuit.karate.core.ScenarioFileReader.readFileAsString(ScenarioFileReader.java:98)\n- com.intuit.karate.core.ScenarioFileReader.readFile(ScenarioFileReader.java:71)\n- com.intuit.karate.core.ScenarioEngine.lambda$new$0(ScenarioEngine.java:129)\n- <js>.:program(Unnamed:1)\n\ncom.intuit.karate.KarateException: js failed:\n>>>>\n01: read('Authentication.csv')\n<<<<\norg.graalvm.polyglot.PolyglotException: java.io.FileNotFoundException: D:\\JhonEgoavil\\Workspace\\qaChallenge\\src\\test\\java\\Authentication\\Authentication.csv (El sistema no puede encontrar el archivo especificado)\n- com.intuit.karate.resource.FileResource.getStream(FileResource.java:98)\n- com.intuit.karate.core.ScenarioFileReader.readFileAsStream(ScenarioFileReader.java:102)\n- com.intuit.karate.core.ScenarioFileReader.readFileAsString(ScenarioFileReader.java:98)\n- com.intuit.karate.core.ScenarioFileReader.readFile(ScenarioFileReader.java:71)\n- com.intuit.karate.core.ScenarioEngine.lambda$new$0(ScenarioEngine.java:129)\n- <js>.:program(Unnamed:1)\n\r\n\tat com.intuit.karate.graal.JsEngine.fromJsEvalException(JsEngine.java:233)\r\n\tat com.intuit.karate.core.ScenarioEngine.evalJs(ScenarioEngine.java:1346)\r\n\tat com.intuit.karate.core.ScenarioEngine.evalKarateExpression(ScenarioEngine.java:2373)\r\n\tat com.intuit.karate.core.ScenarioEngine.evalKarateExpression(ScenarioEngine.java:2292)\r\n\tat com.intuit.karate.core.ScenarioIterator.tryAdvance(ScenarioIterator.java:107)\r\n\tat com.intuit.karate.core.ScenarioIterator.tryAdvance(ScenarioIterator.java:88)\r\n\tat java.base\/java.util.stream.StreamSpliterators$WrappingSpliterator.lambda$initPartialTraversalState$0(StreamSpliterators.java:294)\r\n\tat java.base\/java.util.stream.StreamSpliterators$AbstractWrappingSpliterator.fillBuffer(StreamSpliterators.java:206)\r\n\tat java.base\/java.util.stream.StreamSpliterators$AbstractWrappingSpliterator.doAdvance(StreamSpliterators.java:169)\r\n\tat java.base\/java.util.stream.StreamSpliterators$WrappingSpliterator.tryAdvance(StreamSpliterators.java:300)\r\n\tat java.base\/java.util.Spliterators$1Adapter.hasNext(Spliterators.java:681)\r\n\tat java.base\/java.util.Iterator.forEachRemaining(Iterator.java:132)\r\n\tat com.intuit.karate.core.FeatureRuntime.run(FeatureRuntime.java:165)\r\n\tat java.base\/java.util.concurrent.Executors$RunnableAdapter.call(Executors.java:515)\r\n\tat java.base\/java.util.concurrent.FutureTask.run(FutureTask.java:264)\r\n\tat com.intuit.karate.core.SyncExecutorService.execute(SyncExecutorService.java:70)\r\n\tat java.base\/java.util.concurrent.AbstractExecutorService.submit(AbstractExecutorService.java:123)\r\n\tat com.intuit.karate.Suite.run(Suite.java:235)\r\n\tat com.intuit.karate.Runner$Builder.parallel(Runner.java:575)\r\n\tat com.intuit.karate.cli.IdeMain.main(IdeMain.java:60)\r\n\tat cucumber.api.cli.Main.main(Main.java:34)\r\n"}],"line":206,"description":"","durationMillis":0.2397,"failed":true,"error":"js failed:\n>>>>\n01: read('Authentication.csv')\n<<<<\norg.graalvm.polyglot.PolyglotException: java.io.FileNotFoundException: D:\\JhonEgoavil\\Workspace\\qaChallenge\\src\\test\\java\\Authentication\\Authentication.csv (El sistema no puede encontrar el archivo especificado)\n- com.intuit.karate.resource.FileResource.getStream(FileResource.java:98)\n- com.intuit.karate.core.ScenarioFileReader.readFileAsStream(ScenarioFileReader.java:102)\n- com.intuit.karate.core.ScenarioFileReader.readFileAsString(ScenarioFileReader.java:98)\n- com.intuit.karate.core.ScenarioFileReader.readFile(ScenarioFileReader.java:71)\n- com.intuit.karate.core.ScenarioEngine.lambda$new$0(ScenarioEngine.java:129)\n- <js>.:program(Unnamed:1)\n\nsrc\/test\/java\/Authentication\/Authenticacion.feature:206","tags":["Test11"],"executorName":"main","name":"'CP011: 11.\tVerificar que al enviar el campo obligatorio \u201Cpassword\u201D en el login se obtenga code 201 y msg \u201CLOGIN VALID\u201D.'","startTime":1654098436135,"refId":"[11.1:206]","endTime":0,"exampleIndex":0},{"sectionIndex":11,"stepResults":[{"result":{"nanos":90000,"millis":0.09,"status":"passed"},"step":{"background":true,"line":4,"prefix":"*","index":0,"text":"url BaseUrl"},"stepLog":"10:47:16.141 karate.env system property was: null \n"},{"result":{"nanos":208200,"millis":0.2082,"status":"passed"},"step":{"background":true,"line":5,"prefix":"*","index":1,"text":"header Accept = 'application\/json'"}},{"result":{"nanos":0,"errorMessage":"js failed:\n>>>>\n01: read('Authentication.csv')\n<<<<\norg.graalvm.polyglot.PolyglotException: java.io.FileNotFoundException: D:\\JhonEgoavil\\Workspace\\qaChallenge\\src\\test\\java\\Authentication\\Authentication.csv (El sistema no puede encontrar el archivo especificado)\n- com.intuit.karate.resource.FileResource.getStream(FileResource.java:98)\n- com.intuit.karate.core.ScenarioFileReader.readFileAsStream(ScenarioFileReader.java:102)\n- com.intuit.karate.core.ScenarioFileReader.readFileAsString(ScenarioFileReader.java:98)\n- com.intuit.karate.core.ScenarioFileReader.readFile(ScenarioFileReader.java:71)\n- com.intuit.karate.core.ScenarioEngine.lambda$new$0(ScenarioEngine.java:129)\n- <js>.:program(Unnamed:1)\n\nsrc\/test\/java\/Authentication\/Authenticacion.feature:224","millis":0.0,"status":"failed"},"step":{"endLine":0,"line":224,"prefix":"*","index":-1,"text":"dynamic expression evaluation failed: read('Authentication.csv')"},"stepLog":"js failed:\n>>>>\n01: read('Authentication.csv')\n<<<<\norg.graalvm.polyglot.PolyglotException: java.io.FileNotFoundException: D:\\JhonEgoavil\\Workspace\\qaChallenge\\src\\test\\java\\Authentication\\Authentication.csv (El sistema no puede encontrar el archivo especificado)\n- com.intuit.karate.resource.FileResource.getStream(FileResource.java:98)\n- com.intuit.karate.core.ScenarioFileReader.readFileAsStream(ScenarioFileReader.java:102)\n- com.intuit.karate.core.ScenarioFileReader.readFileAsString(ScenarioFileReader.java:98)\n- com.intuit.karate.core.ScenarioFileReader.readFile(ScenarioFileReader.java:71)\n- com.intuit.karate.core.ScenarioEngine.lambda$new$0(ScenarioEngine.java:129)\n- <js>.:program(Unnamed:1)\n\ncom.intuit.karate.KarateException: js failed:\n>>>>\n01: read('Authentication.csv')\n<<<<\norg.graalvm.polyglot.PolyglotException: java.io.FileNotFoundException: D:\\JhonEgoavil\\Workspace\\qaChallenge\\src\\test\\java\\Authentication\\Authentication.csv (El sistema no puede encontrar el archivo especificado)\n- com.intuit.karate.resource.FileResource.getStream(FileResource.java:98)\n- com.intuit.karate.core.ScenarioFileReader.readFileAsStream(ScenarioFileReader.java:102)\n- com.intuit.karate.core.ScenarioFileReader.readFileAsString(ScenarioFileReader.java:98)\n- com.intuit.karate.core.ScenarioFileReader.readFile(ScenarioFileReader.java:71)\n- com.intuit.karate.core.ScenarioEngine.lambda$new$0(ScenarioEngine.java:129)\n- <js>.:program(Unnamed:1)\n\r\n\tat com.intuit.karate.graal.JsEngine.fromJsEvalException(JsEngine.java:233)\r\n\tat com.intuit.karate.core.ScenarioEngine.evalJs(ScenarioEngine.java:1346)\r\n\tat com.intuit.karate.core.ScenarioEngine.evalKarateExpression(ScenarioEngine.java:2373)\r\n\tat com.intuit.karate.core.ScenarioEngine.evalKarateExpression(ScenarioEngine.java:2292)\r\n\tat com.intuit.karate.core.ScenarioIterator.tryAdvance(ScenarioIterator.java:107)\r\n\tat com.intuit.karate.core.ScenarioIterator.tryAdvance(ScenarioIterator.java:88)\r\n\tat java.base\/java.util.stream.StreamSpliterators$WrappingSpliterator.lambda$initPartialTraversalState$0(StreamSpliterators.java:294)\r\n\tat java.base\/java.util.stream.StreamSpliterators$AbstractWrappingSpliterator.fillBuffer(StreamSpliterators.java:206)\r\n\tat java.base\/java.util.stream.StreamSpliterators$AbstractWrappingSpliterator.doAdvance(StreamSpliterators.java:169)\r\n\tat java.base\/java.util.stream.StreamSpliterators$WrappingSpliterator.tryAdvance(StreamSpliterators.java:300)\r\n\tat java.base\/java.util.Spliterators$1Adapter.hasNext(Spliterators.java:681)\r\n\tat java.base\/java.util.Iterator.forEachRemaining(Iterator.java:132)\r\n\tat com.intuit.karate.core.FeatureRuntime.run(FeatureRuntime.java:165)\r\n\tat java.base\/java.util.concurrent.Executors$RunnableAdapter.call(Executors.java:515)\r\n\tat java.base\/java.util.concurrent.FutureTask.run(FutureTask.java:264)\r\n\tat com.intuit.karate.core.SyncExecutorService.execute(SyncExecutorService.java:70)\r\n\tat java.base\/java.util.concurrent.AbstractExecutorService.submit(AbstractExecutorService.java:123)\r\n\tat com.intuit.karate.Suite.run(Suite.java:235)\r\n\tat com.intuit.karate.Runner$Builder.parallel(Runner.java:575)\r\n\tat com.intuit.karate.cli.IdeMain.main(IdeMain.java:60)\r\n\tat cucumber.api.cli.Main.main(Main.java:34)\r\n"}],"line":224,"description":"","durationMillis":0.2982,"failed":true,"error":"js failed:\n>>>>\n01: read('Authentication.csv')\n<<<<\norg.graalvm.polyglot.PolyglotException: java.io.FileNotFoundException: D:\\JhonEgoavil\\Workspace\\qaChallenge\\src\\test\\java\\Authentication\\Authentication.csv (El sistema no puede encontrar el archivo especificado)\n- com.intuit.karate.resource.FileResource.getStream(FileResource.java:98)\n- com.intuit.karate.core.ScenarioFileReader.readFileAsStream(ScenarioFileReader.java:102)\n- com.intuit.karate.core.ScenarioFileReader.readFileAsString(ScenarioFileReader.java:98)\n- com.intuit.karate.core.ScenarioFileReader.readFile(ScenarioFileReader.java:71)\n- com.intuit.karate.core.ScenarioEngine.lambda$new$0(ScenarioEngine.java:129)\n- <js>.:program(Unnamed:1)\n\nsrc\/test\/java\/Authentication\/Authenticacion.feature:224","tags":["Test12"],"executorName":"main","name":"'CP012: 12.\tVerificar que al no enviar el campo obligatorio \u201Cpassword\u201D en el login se obtenga statusCode 422, code 999 y msg \u201CREQUIRED\u201D.'","startTime":1654098436140,"refId":"[12.1:224]","endTime":0,"exampleIndex":0},{"sectionIndex":12,"stepResults":[{"result":{"nanos":104200,"millis":0.1042,"status":"passed"},"step":{"background":true,"line":4,"prefix":"*","index":0,"text":"url BaseUrl"},"stepLog":"10:47:16.149 karate.env system property was: null \n"},{"result":{"nanos":222800,"millis":0.2228,"status":"passed"},"step":{"background":true,"line":5,"prefix":"*","index":1,"text":"header Accept = 'application\/json'"}},{"result":{"nanos":0,"errorMessage":"js failed:\n>>>>\n01: read('Authentication.csv')\n<<<<\norg.graalvm.polyglot.PolyglotException: java.io.FileNotFoundException: D:\\JhonEgoavil\\Workspace\\qaChallenge\\src\\test\\java\\Authentication\\Authentication.csv (El sistema no puede encontrar el archivo especificado)\n- com.intuit.karate.resource.FileResource.getStream(FileResource.java:98)\n- com.intuit.karate.core.ScenarioFileReader.readFileAsStream(ScenarioFileReader.java:102)\n- com.intuit.karate.core.ScenarioFileReader.readFileAsString(ScenarioFileReader.java:98)\n- com.intuit.karate.core.ScenarioFileReader.readFile(ScenarioFileReader.java:71)\n- com.intuit.karate.core.ScenarioEngine.lambda$new$0(ScenarioEngine.java:129)\n- <js>.:program(Unnamed:1)\n\nsrc\/test\/java\/Authentication\/Authenticacion.feature:242","millis":0.0,"status":"failed"},"step":{"endLine":0,"line":242,"prefix":"*","index":-1,"text":"dynamic expression evaluation failed: read('Authentication.csv')"},"stepLog":"js failed:\n>>>>\n01: read('Authentication.csv')\n<<<<\norg.graalvm.polyglot.PolyglotException: java.io.FileNotFoundException: D:\\JhonEgoavil\\Workspace\\qaChallenge\\src\\test\\java\\Authentication\\Authentication.csv (El sistema no puede encontrar el archivo especificado)\n- com.intuit.karate.resource.FileResource.getStream(FileResource.java:98)\n- com.intuit.karate.core.ScenarioFileReader.readFileAsStream(ScenarioFileReader.java:102)\n- com.intuit.karate.core.ScenarioFileReader.readFileAsString(ScenarioFileReader.java:98)\n- com.intuit.karate.core.ScenarioFileReader.readFile(ScenarioFileReader.java:71)\n- com.intuit.karate.core.ScenarioEngine.lambda$new$0(ScenarioEngine.java:129)\n- <js>.:program(Unnamed:1)\n\ncom.intuit.karate.KarateException: js failed:\n>>>>\n01: read('Authentication.csv')\n<<<<\norg.graalvm.polyglot.PolyglotException: java.io.FileNotFoundException: D:\\JhonEgoavil\\Workspace\\qaChallenge\\src\\test\\java\\Authentication\\Authentication.csv (El sistema no puede encontrar el archivo especificado)\n- com.intuit.karate.resource.FileResource.getStream(FileResource.java:98)\n- com.intuit.karate.core.ScenarioFileReader.readFileAsStream(ScenarioFileReader.java:102)\n- com.intuit.karate.core.ScenarioFileReader.readFileAsString(ScenarioFileReader.java:98)\n- com.intuit.karate.core.ScenarioFileReader.readFile(ScenarioFileReader.java:71)\n- com.intuit.karate.core.ScenarioEngine.lambda$new$0(ScenarioEngine.java:129)\n- <js>.:program(Unnamed:1)\n\r\n\tat com.intuit.karate.graal.JsEngine.fromJsEvalException(JsEngine.java:233)\r\n\tat com.intuit.karate.core.ScenarioEngine.evalJs(ScenarioEngine.java:1346)\r\n\tat com.intuit.karate.core.ScenarioEngine.evalKarateExpression(ScenarioEngine.java:2373)\r\n\tat com.intuit.karate.core.ScenarioEngine.evalKarateExpression(ScenarioEngine.java:2292)\r\n\tat com.intuit.karate.core.ScenarioIterator.tryAdvance(ScenarioIterator.java:107)\r\n\tat com.intuit.karate.core.ScenarioIterator.tryAdvance(ScenarioIterator.java:88)\r\n\tat java.base\/java.util.stream.StreamSpliterators$WrappingSpliterator.lambda$initPartialTraversalState$0(StreamSpliterators.java:294)\r\n\tat java.base\/java.util.stream.StreamSpliterators$AbstractWrappingSpliterator.fillBuffer(StreamSpliterators.java:206)\r\n\tat java.base\/java.util.stream.StreamSpliterators$AbstractWrappingSpliterator.doAdvance(StreamSpliterators.java:169)\r\n\tat java.base\/java.util.stream.StreamSpliterators$WrappingSpliterator.tryAdvance(StreamSpliterators.java:300)\r\n\tat java.base\/java.util.Spliterators$1Adapter.hasNext(Spliterators.java:681)\r\n\tat java.base\/java.util.Iterator.forEachRemaining(Iterator.java:132)\r\n\tat com.intuit.karate.core.FeatureRuntime.run(FeatureRuntime.java:165)\r\n\tat java.base\/java.util.concurrent.Executors$RunnableAdapter.call(Executors.java:515)\r\n\tat java.base\/java.util.concurrent.FutureTask.run(FutureTask.java:264)\r\n\tat com.intuit.karate.core.SyncExecutorService.execute(SyncExecutorService.java:70)\r\n\tat java.base\/java.util.concurrent.AbstractExecutorService.submit(AbstractExecutorService.java:123)\r\n\tat com.intuit.karate.Suite.run(Suite.java:235)\r\n\tat com.intuit.karate.Runner$Builder.parallel(Runner.java:575)\r\n\tat com.intuit.karate.cli.IdeMain.main(IdeMain.java:60)\r\n\tat cucumber.api.cli.Main.main(Main.java:34)\r\n"}],"line":242,"description":"","durationMillis":0.327,"failed":true,"error":"js failed:\n>>>>\n01: read('Authentication.csv')\n<<<<\norg.graalvm.polyglot.PolyglotException: java.io.FileNotFoundException: D:\\JhonEgoavil\\Workspace\\qaChallenge\\src\\test\\java\\Authentication\\Authentication.csv (El sistema no puede encontrar el archivo especificado)\n- com.intuit.karate.resource.FileResource.getStream(FileResource.java:98)\n- com.intuit.karate.core.ScenarioFileReader.readFileAsStream(ScenarioFileReader.java:102)\n- com.intuit.karate.core.ScenarioFileReader.readFileAsString(ScenarioFileReader.java:98)\n- com.intuit.karate.core.ScenarioFileReader.readFile(ScenarioFileReader.java:71)\n- com.intuit.karate.core.ScenarioEngine.lambda$new$0(ScenarioEngine.java:129)\n- <js>.:program(Unnamed:1)\n\nsrc\/test\/java\/Authentication\/Authenticacion.feature:242","tags":["Test13"],"executorName":"main","name":"'CP013: 13.\tVerificar que al enviar el campo \u201Cpassword\u201D con una cantidad de caracteres mayor o igual a 5 en el registro se obtenga code 201 y msg \u201CSAVED\u201D.'","startTime":1654098436148,"refId":"[13.1:242]","endTime":0,"exampleIndex":0},{"sectionIndex":13,"stepResults":[{"result":{"nanos":91000,"millis":0.091,"status":"passed"},"step":{"background":true,"line":4,"prefix":"*","index":0,"text":"url BaseUrl"},"stepLog":"10:47:16.156 karate.env system property was: null \n"},{"result":{"nanos":170400,"millis":0.1704,"status":"passed"},"step":{"background":true,"line":5,"prefix":"*","index":1,"text":"header Accept = 'application\/json'"}},{"result":{"nanos":0,"errorMessage":"js failed:\n>>>>\n01: read('Authentication.csv')\n<<<<\norg.graalvm.polyglot.PolyglotException: java.io.FileNotFoundException: D:\\JhonEgoavil\\Workspace\\qaChallenge\\src\\test\\java\\Authentication\\Authentication.csv (El sistema no puede encontrar el archivo especificado)\n- com.intuit.karate.resource.FileResource.getStream(FileResource.java:98)\n- com.intuit.karate.core.ScenarioFileReader.readFileAsStream(ScenarioFileReader.java:102)\n- com.intuit.karate.core.ScenarioFileReader.readFileAsString(ScenarioFileReader.java:98)\n- com.intuit.karate.core.ScenarioFileReader.readFile(ScenarioFileReader.java:71)\n- com.intuit.karate.core.ScenarioEngine.lambda$new$0(ScenarioEngine.java:129)\n- <js>.:program(Unnamed:1)\n\nsrc\/test\/java\/Authentication\/Authenticacion.feature:260","millis":0.0,"status":"failed"},"step":{"endLine":0,"line":260,"prefix":"*","index":-1,"text":"dynamic expression evaluation failed: read('Authentication.csv')"},"stepLog":"js failed:\n>>>>\n01: read('Authentication.csv')\n<<<<\norg.graalvm.polyglot.PolyglotException: java.io.FileNotFoundException: D:\\JhonEgoavil\\Workspace\\qaChallenge\\src\\test\\java\\Authentication\\Authentication.csv (El sistema no puede encontrar el archivo especificado)\n- com.intuit.karate.resource.FileResource.getStream(FileResource.java:98)\n- com.intuit.karate.core.ScenarioFileReader.readFileAsStream(ScenarioFileReader.java:102)\n- com.intuit.karate.core.ScenarioFileReader.readFileAsString(ScenarioFileReader.java:98)\n- com.intuit.karate.core.ScenarioFileReader.readFile(ScenarioFileReader.java:71)\n- com.intuit.karate.core.ScenarioEngine.lambda$new$0(ScenarioEngine.java:129)\n- <js>.:program(Unnamed:1)\n\ncom.intuit.karate.KarateException: js failed:\n>>>>\n01: read('Authentication.csv')\n<<<<\norg.graalvm.polyglot.PolyglotException: java.io.FileNotFoundException: D:\\JhonEgoavil\\Workspace\\qaChallenge\\src\\test\\java\\Authentication\\Authentication.csv (El sistema no puede encontrar el archivo especificado)\n- com.intuit.karate.resource.FileResource.getStream(FileResource.java:98)\n- com.intuit.karate.core.ScenarioFileReader.readFileAsStream(ScenarioFileReader.java:102)\n- com.intuit.karate.core.ScenarioFileReader.readFileAsString(ScenarioFileReader.java:98)\n- com.intuit.karate.core.ScenarioFileReader.readFile(ScenarioFileReader.java:71)\n- com.intuit.karate.core.ScenarioEngine.lambda$new$0(ScenarioEngine.java:129)\n- <js>.:program(Unnamed:1)\n\r\n\tat com.intuit.karate.graal.JsEngine.fromJsEvalException(JsEngine.java:233)\r\n\tat com.intuit.karate.core.ScenarioEngine.evalJs(ScenarioEngine.java:1346)\r\n\tat com.intuit.karate.core.ScenarioEngine.evalKarateExpression(ScenarioEngine.java:2373)\r\n\tat com.intuit.karate.core.ScenarioEngine.evalKarateExpression(ScenarioEngine.java:2292)\r\n\tat com.intuit.karate.core.ScenarioIterator.tryAdvance(ScenarioIterator.java:107)\r\n\tat com.intuit.karate.core.ScenarioIterator.tryAdvance(ScenarioIterator.java:88)\r\n\tat java.base\/java.util.stream.StreamSpliterators$WrappingSpliterator.lambda$initPartialTraversalState$0(StreamSpliterators.java:294)\r\n\tat java.base\/java.util.stream.StreamSpliterators$AbstractWrappingSpliterator.fillBuffer(StreamSpliterators.java:206)\r\n\tat java.base\/java.util.stream.StreamSpliterators$AbstractWrappingSpliterator.doAdvance(StreamSpliterators.java:169)\r\n\tat java.base\/java.util.stream.StreamSpliterators$WrappingSpliterator.tryAdvance(StreamSpliterators.java:300)\r\n\tat java.base\/java.util.Spliterators$1Adapter.hasNext(Spliterators.java:681)\r\n\tat java.base\/java.util.Iterator.forEachRemaining(Iterator.java:132)\r\n\tat com.intuit.karate.core.FeatureRuntime.run(FeatureRuntime.java:165)\r\n\tat java.base\/java.util.concurrent.Executors$RunnableAdapter.call(Executors.java:515)\r\n\tat java.base\/java.util.concurrent.FutureTask.run(FutureTask.java:264)\r\n\tat com.intuit.karate.core.SyncExecutorService.execute(SyncExecutorService.java:70)\r\n\tat java.base\/java.util.concurrent.AbstractExecutorService.submit(AbstractExecutorService.java:123)\r\n\tat com.intuit.karate.Suite.run(Suite.java:235)\r\n\tat com.intuit.karate.Runner$Builder.parallel(Runner.java:575)\r\n\tat com.intuit.karate.cli.IdeMain.main(IdeMain.java:60)\r\n\tat cucumber.api.cli.Main.main(Main.java:34)\r\n"}],"line":260,"description":"","durationMillis":0.2614,"failed":true,"error":"js failed:\n>>>>\n01: read('Authentication.csv')\n<<<<\norg.graalvm.polyglot.PolyglotException: java.io.FileNotFoundException: D:\\JhonEgoavil\\Workspace\\qaChallenge\\src\\test\\java\\Authentication\\Authentication.csv (El sistema no puede encontrar el archivo especificado)\n- com.intuit.karate.resource.FileResource.getStream(FileResource.java:98)\n- com.intuit.karate.core.ScenarioFileReader.readFileAsStream(ScenarioFileReader.java:102)\n- com.intuit.karate.core.ScenarioFileReader.readFileAsString(ScenarioFileReader.java:98)\n- com.intuit.karate.core.ScenarioFileReader.readFile(ScenarioFileReader.java:71)\n- com.intuit.karate.core.ScenarioEngine.lambda$new$0(ScenarioEngine.java:129)\n- <js>.:program(Unnamed:1)\n\nsrc\/test\/java\/Authentication\/Authenticacion.feature:260","tags":["Test14"],"executorName":"main","name":"'CP014: 14.\tVerificar que al enviar el campo \u201Cpassword\u201D con una cantidad de caracteres menor a 5 en el registro se obtenga statusCode 422, code 998 y msg \u201CINVALID\u201D.'","startTime":1654098436155,"refId":"[14.1:260]","endTime":0,"exampleIndex":0},{"sectionIndex":14,"stepResults":[{"result":{"nanos":121600,"millis":0.1216,"status":"passed"},"step":{"background":true,"line":4,"prefix":"*","index":0,"text":"url BaseUrl"},"stepLog":"10:47:16.161 karate.env system property was: null \n"},{"result":{"nanos":226800,"millis":0.2268,"status":"passed"},"step":{"background":true,"line":5,"prefix":"*","index":1,"text":"header Accept = 'application\/json'"}},{"result":{"nanos":0,"errorMessage":"js failed:\n>>>>\n01: read('Authentication.csv')\n<<<<\norg.graalvm.polyglot.PolyglotException: java.io.FileNotFoundException: D:\\JhonEgoavil\\Workspace\\qaChallenge\\src\\test\\java\\Authentication\\Authentication.csv (El sistema no puede encontrar el archivo especificado)\n- com.intuit.karate.resource.FileResource.getStream(FileResource.java:98)\n- com.intuit.karate.core.ScenarioFileReader.readFileAsStream(ScenarioFileReader.java:102)\n- com.intuit.karate.core.ScenarioFileReader.readFileAsString(ScenarioFileReader.java:98)\n- com.intuit.karate.core.ScenarioFileReader.readFile(ScenarioFileReader.java:71)\n- com.intuit.karate.core.ScenarioEngine.lambda$new$0(ScenarioEngine.java:129)\n- <js>.:program(Unnamed:1)\n\nsrc\/test\/java\/Authentication\/Authenticacion.feature:278","millis":0.0,"status":"failed"},"step":{"endLine":0,"line":278,"prefix":"*","index":-1,"text":"dynamic expression evaluation failed: read('Authentication.csv')"},"stepLog":"js failed:\n>>>>\n01: read('Authentication.csv')\n<<<<\norg.graalvm.polyglot.PolyglotException: java.io.FileNotFoundException: D:\\JhonEgoavil\\Workspace\\qaChallenge\\src\\test\\java\\Authentication\\Authentication.csv (El sistema no puede encontrar el archivo especificado)\n- com.intuit.karate.resource.FileResource.getStream(FileResource.java:98)\n- com.intuit.karate.core.ScenarioFileReader.readFileAsStream(ScenarioFileReader.java:102)\n- com.intuit.karate.core.ScenarioFileReader.readFileAsString(ScenarioFileReader.java:98)\n- com.intuit.karate.core.ScenarioFileReader.readFile(ScenarioFileReader.java:71)\n- com.intuit.karate.core.ScenarioEngine.lambda$new$0(ScenarioEngine.java:129)\n- <js>.:program(Unnamed:1)\n\ncom.intuit.karate.KarateException: js failed:\n>>>>\n01: read('Authentication.csv')\n<<<<\norg.graalvm.polyglot.PolyglotException: java.io.FileNotFoundException: D:\\JhonEgoavil\\Workspace\\qaChallenge\\src\\test\\java\\Authentication\\Authentication.csv (El sistema no puede encontrar el archivo especificado)\n- com.intuit.karate.resource.FileResource.getStream(FileResource.java:98)\n- com.intuit.karate.core.ScenarioFileReader.readFileAsStream(ScenarioFileReader.java:102)\n- com.intuit.karate.core.ScenarioFileReader.readFileAsString(ScenarioFileReader.java:98)\n- com.intuit.karate.core.ScenarioFileReader.readFile(ScenarioFileReader.java:71)\n- com.intuit.karate.core.ScenarioEngine.lambda$new$0(ScenarioEngine.java:129)\n- <js>.:program(Unnamed:1)\n\r\n\tat com.intuit.karate.graal.JsEngine.fromJsEvalException(JsEngine.java:233)\r\n\tat com.intuit.karate.core.ScenarioEngine.evalJs(ScenarioEngine.java:1346)\r\n\tat com.intuit.karate.core.ScenarioEngine.evalKarateExpression(ScenarioEngine.java:2373)\r\n\tat com.intuit.karate.core.ScenarioEngine.evalKarateExpression(ScenarioEngine.java:2292)\r\n\tat com.intuit.karate.core.ScenarioIterator.tryAdvance(ScenarioIterator.java:107)\r\n\tat com.intuit.karate.core.ScenarioIterator.tryAdvance(ScenarioIterator.java:88)\r\n\tat java.base\/java.util.stream.StreamSpliterators$WrappingSpliterator.lambda$initPartialTraversalState$0(StreamSpliterators.java:294)\r\n\tat java.base\/java.util.stream.StreamSpliterators$AbstractWrappingSpliterator.fillBuffer(StreamSpliterators.java:206)\r\n\tat java.base\/java.util.stream.StreamSpliterators$AbstractWrappingSpliterator.doAdvance(StreamSpliterators.java:169)\r\n\tat java.base\/java.util.stream.StreamSpliterators$WrappingSpliterator.tryAdvance(StreamSpliterators.java:300)\r\n\tat java.base\/java.util.Spliterators$1Adapter.hasNext(Spliterators.java:681)\r\n\tat java.base\/java.util.Iterator.forEachRemaining(Iterator.java:132)\r\n\tat com.intuit.karate.core.FeatureRuntime.run(FeatureRuntime.java:165)\r\n\tat java.base\/java.util.concurrent.Executors$RunnableAdapter.call(Executors.java:515)\r\n\tat java.base\/java.util.concurrent.FutureTask.run(FutureTask.java:264)\r\n\tat com.intuit.karate.core.SyncExecutorService.execute(SyncExecutorService.java:70)\r\n\tat java.base\/java.util.concurrent.AbstractExecutorService.submit(AbstractExecutorService.java:123)\r\n\tat com.intuit.karate.Suite.run(Suite.java:235)\r\n\tat com.intuit.karate.Runner$Builder.parallel(Runner.java:575)\r\n\tat com.intuit.karate.cli.IdeMain.main(IdeMain.java:60)\r\n\tat cucumber.api.cli.Main.main(Main.java:34)\r\n"}],"line":278,"description":"","durationMillis":0.3484,"failed":true,"error":"js failed:\n>>>>\n01: read('Authentication.csv')\n<<<<\norg.graalvm.polyglot.PolyglotException: java.io.FileNotFoundException: D:\\JhonEgoavil\\Workspace\\qaChallenge\\src\\test\\java\\Authentication\\Authentication.csv (El sistema no puede encontrar el archivo especificado)\n- com.intuit.karate.resource.FileResource.getStream(FileResource.java:98)\n- com.intuit.karate.core.ScenarioFileReader.readFileAsStream(ScenarioFileReader.java:102)\n- com.intuit.karate.core.ScenarioFileReader.readFileAsString(ScenarioFileReader.java:98)\n- com.intuit.karate.core.ScenarioFileReader.readFile(ScenarioFileReader.java:71)\n- com.intuit.karate.core.ScenarioEngine.lambda$new$0(ScenarioEngine.java:129)\n- <js>.:program(Unnamed:1)\n\nsrc\/test\/java\/Authentication\/Authenticacion.feature:278","tags":["Test15"],"executorName":"main","name":"'CP015: 15.\tVerificar que al enviar el campo \u201Cpassword\u201D con una cantidad de caracteres mayor o igual a 5 en el login se obtenga code 201 y msg \u201CLOGIN VALID\u201D.'","startTime":1654098436160,"refId":"[15.1:278]","endTime":0,"exampleIndex":0},{"sectionIndex":15,"stepResults":[{"result":{"nanos":448500,"millis":0.4485,"status":"passed"},"step":{"background":true,"line":4,"prefix":"*","index":0,"text":"url BaseUrl"},"stepLog":"10:47:16.168 karate.env system property was: null \n"},{"result":{"nanos":459900,"millis":0.4599,"status":"passed"},"step":{"background":true,"line":5,"prefix":"*","index":1,"text":"header Accept = 'application\/json'"}},{"result":{"nanos":0,"errorMessage":"js failed:\n>>>>\n01: read('Authentication.csv')\n<<<<\norg.graalvm.polyglot.PolyglotException: java.io.FileNotFoundException: D:\\JhonEgoavil\\Workspace\\qaChallenge\\src\\test\\java\\Authentication\\Authentication.csv (El sistema no puede encontrar el archivo especificado)\n- com.intuit.karate.resource.FileResource.getStream(FileResource.java:98)\n- com.intuit.karate.core.ScenarioFileReader.readFileAsStream(ScenarioFileReader.java:102)\n- com.intuit.karate.core.ScenarioFileReader.readFileAsString(ScenarioFileReader.java:98)\n- com.intuit.karate.core.ScenarioFileReader.readFile(ScenarioFileReader.java:71)\n- com.intuit.karate.core.ScenarioEngine.lambda$new$0(ScenarioEngine.java:129)\n- <js>.:program(Unnamed:1)\n\nsrc\/test\/java\/Authentication\/Authenticacion.feature:296","millis":0.0,"status":"failed"},"step":{"endLine":0,"line":296,"prefix":"*","index":-1,"text":"dynamic expression evaluation failed: read('Authentication.csv')"},"stepLog":"js failed:\n>>>>\n01: read('Authentication.csv')\n<<<<\norg.graalvm.polyglot.PolyglotException: java.io.FileNotFoundException: D:\\JhonEgoavil\\Workspace\\qaChallenge\\src\\test\\java\\Authentication\\Authentication.csv (El sistema no puede encontrar el archivo especificado)\n- com.intuit.karate.resource.FileResource.getStream(FileResource.java:98)\n- com.intuit.karate.core.ScenarioFileReader.readFileAsStream(ScenarioFileReader.java:102)\n- com.intuit.karate.core.ScenarioFileReader.readFileAsString(ScenarioFileReader.java:98)\n- com.intuit.karate.core.ScenarioFileReader.readFile(ScenarioFileReader.java:71)\n- com.intuit.karate.core.ScenarioEngine.lambda$new$0(ScenarioEngine.java:129)\n- <js>.:program(Unnamed:1)\n\ncom.intuit.karate.KarateException: js failed:\n>>>>\n01: read('Authentication.csv')\n<<<<\norg.graalvm.polyglot.PolyglotException: java.io.FileNotFoundException: D:\\JhonEgoavil\\Workspace\\qaChallenge\\src\\test\\java\\Authentication\\Authentication.csv (El sistema no puede encontrar el archivo especificado)\n- com.intuit.karate.resource.FileResource.getStream(FileResource.java:98)\n- com.intuit.karate.core.ScenarioFileReader.readFileAsStream(ScenarioFileReader.java:102)\n- com.intuit.karate.core.ScenarioFileReader.readFileAsString(ScenarioFileReader.java:98)\n- com.intuit.karate.core.ScenarioFileReader.readFile(ScenarioFileReader.java:71)\n- com.intuit.karate.core.ScenarioEngine.lambda$new$0(ScenarioEngine.java:129)\n- <js>.:program(Unnamed:1)\n\r\n\tat com.intuit.karate.graal.JsEngine.fromJsEvalException(JsEngine.java:233)\r\n\tat com.intuit.karate.core.ScenarioEngine.evalJs(ScenarioEngine.java:1346)\r\n\tat com.intuit.karate.core.ScenarioEngine.evalKarateExpression(ScenarioEngine.java:2373)\r\n\tat com.intuit.karate.core.ScenarioEngine.evalKarateExpression(ScenarioEngine.java:2292)\r\n\tat com.intuit.karate.core.ScenarioIterator.tryAdvance(ScenarioIterator.java:107)\r\n\tat com.intuit.karate.core.ScenarioIterator.tryAdvance(ScenarioIterator.java:88)\r\n\tat java.base\/java.util.stream.StreamSpliterators$WrappingSpliterator.lambda$initPartialTraversalState$0(StreamSpliterators.java:294)\r\n\tat java.base\/java.util.stream.StreamSpliterators$AbstractWrappingSpliterator.fillBuffer(StreamSpliterators.java:206)\r\n\tat java.base\/java.util.stream.StreamSpliterators$AbstractWrappingSpliterator.doAdvance(StreamSpliterators.java:169)\r\n\tat java.base\/java.util.stream.StreamSpliterators$WrappingSpliterator.tryAdvance(StreamSpliterators.java:300)\r\n\tat java.base\/java.util.Spliterators$1Adapter.hasNext(Spliterators.java:681)\r\n\tat java.base\/java.util.Iterator.forEachRemaining(Iterator.java:132)\r\n\tat com.intuit.karate.core.FeatureRuntime.run(FeatureRuntime.java:165)\r\n\tat java.base\/java.util.concurrent.Executors$RunnableAdapter.call(Executors.java:515)\r\n\tat java.base\/java.util.concurrent.FutureTask.run(FutureTask.java:264)\r\n\tat com.intuit.karate.core.SyncExecutorService.execute(SyncExecutorService.java:70)\r\n\tat java.base\/java.util.concurrent.AbstractExecutorService.submit(AbstractExecutorService.java:123)\r\n\tat com.intuit.karate.Suite.run(Suite.java:235)\r\n\tat com.intuit.karate.Runner$Builder.parallel(Runner.java:575)\r\n\tat com.intuit.karate.cli.IdeMain.main(IdeMain.java:60)\r\n\tat cucumber.api.cli.Main.main(Main.java:34)\r\n"}],"line":296,"description":"","durationMillis":0.9084,"failed":true,"error":"js failed:\n>>>>\n01: read('Authentication.csv')\n<<<<\norg.graalvm.polyglot.PolyglotException: java.io.FileNotFoundException: D:\\JhonEgoavil\\Workspace\\qaChallenge\\src\\test\\java\\Authentication\\Authentication.csv (El sistema no puede encontrar el archivo especificado)\n- com.intuit.karate.resource.FileResource.getStream(FileResource.java:98)\n- com.intuit.karate.core.ScenarioFileReader.readFileAsStream(ScenarioFileReader.java:102)\n- com.intuit.karate.core.ScenarioFileReader.readFileAsString(ScenarioFileReader.java:98)\n- com.intuit.karate.core.ScenarioFileReader.readFile(ScenarioFileReader.java:71)\n- com.intuit.karate.core.ScenarioEngine.lambda$new$0(ScenarioEngine.java:129)\n- <js>.:program(Unnamed:1)\n\nsrc\/test\/java\/Authentication\/Authenticacion.feature:296","tags":["Test16"],"executorName":"main","name":"'CP016: 16.\tVerificar que al enviar el campo \u201Cpassword\u201D con una cantidad de caracteres menor a 5 en el login se obtenga statusCode 422, code 998 y msg \u201CINVALID\u201D.'","startTime":1654098436167,"refId":"[16.1:296]","endTime":0,"exampleIndex":0},{"sectionIndex":16,"stepResults":[{"result":{"nanos":139600,"millis":0.1396,"status":"passed"},"step":{"background":true,"line":4,"prefix":"*","index":0,"text":"url BaseUrl"},"stepLog":"10:47:16.175 karate.env system property was: null \n"},{"result":{"nanos":201100,"millis":0.2011,"status":"passed"},"step":{"background":true,"line":5,"prefix":"*","index":1,"text":"header Accept = 'application\/json'"}},{"result":{"nanos":0,"errorMessage":"js failed:\n>>>>\n01: read('Authentication.csv')\n<<<<\norg.graalvm.polyglot.PolyglotException: java.io.FileNotFoundException: D:\\JhonEgoavil\\Workspace\\qaChallenge\\src\\test\\java\\Authentication\\Authentication.csv (El sistema no puede encontrar el archivo especificado)\n- com.intuit.karate.resource.FileResource.getStream(FileResource.java:98)\n- com.intuit.karate.core.ScenarioFileReader.readFileAsStream(ScenarioFileReader.java:102)\n- com.intuit.karate.core.ScenarioFileReader.readFileAsString(ScenarioFileReader.java:98)\n- com.intuit.karate.core.ScenarioFileReader.readFile(ScenarioFileReader.java:71)\n- com.intuit.karate.core.ScenarioEngine.lambda$new$0(ScenarioEngine.java:129)\n- <js>.:program(Unnamed:1)\n\nsrc\/test\/java\/Authentication\/Authenticacion.feature:313","millis":0.0,"status":"failed"},"step":{"endLine":0,"line":313,"prefix":"*","index":-1,"text":"dynamic expression evaluation failed: read('Authentication.csv')"},"stepLog":"js failed:\n>>>>\n01: read('Authentication.csv')\n<<<<\norg.graalvm.polyglot.PolyglotException: java.io.FileNotFoundException: D:\\JhonEgoavil\\Workspace\\qaChallenge\\src\\test\\java\\Authentication\\Authentication.csv (El sistema no puede encontrar el archivo especificado)\n- com.intuit.karate.resource.FileResource.getStream(FileResource.java:98)\n- com.intuit.karate.core.ScenarioFileReader.readFileAsStream(ScenarioFileReader.java:102)\n- com.intuit.karate.core.ScenarioFileReader.readFileAsString(ScenarioFileReader.java:98)\n- com.intuit.karate.core.ScenarioFileReader.readFile(ScenarioFileReader.java:71)\n- com.intuit.karate.core.ScenarioEngine.lambda$new$0(ScenarioEngine.java:129)\n- <js>.:program(Unnamed:1)\n\ncom.intuit.karate.KarateException: js failed:\n>>>>\n01: read('Authentication.csv')\n<<<<\norg.graalvm.polyglot.PolyglotException: java.io.FileNotFoundException: D:\\JhonEgoavil\\Workspace\\qaChallenge\\src\\test\\java\\Authentication\\Authentication.csv (El sistema no puede encontrar el archivo especificado)\n- com.intuit.karate.resource.FileResource.getStream(FileResource.java:98)\n- com.intuit.karate.core.ScenarioFileReader.readFileAsStream(ScenarioFileReader.java:102)\n- com.intuit.karate.core.ScenarioFileReader.readFileAsString(ScenarioFileReader.java:98)\n- com.intuit.karate.core.ScenarioFileReader.readFile(ScenarioFileReader.java:71)\n- com.intuit.karate.core.ScenarioEngine.lambda$new$0(ScenarioEngine.java:129)\n- <js>.:program(Unnamed:1)\n\r\n\tat com.intuit.karate.graal.JsEngine.fromJsEvalException(JsEngine.java:233)\r\n\tat com.intuit.karate.core.ScenarioEngine.evalJs(ScenarioEngine.java:1346)\r\n\tat com.intuit.karate.core.ScenarioEngine.evalKarateExpression(ScenarioEngine.java:2373)\r\n\tat com.intuit.karate.core.ScenarioEngine.evalKarateExpression(ScenarioEngine.java:2292)\r\n\tat com.intuit.karate.core.ScenarioIterator.tryAdvance(ScenarioIterator.java:107)\r\n\tat com.intuit.karate.core.ScenarioIterator.tryAdvance(ScenarioIterator.java:88)\r\n\tat java.base\/java.util.stream.StreamSpliterators$WrappingSpliterator.lambda$initPartialTraversalState$0(StreamSpliterators.java:294)\r\n\tat java.base\/java.util.stream.StreamSpliterators$AbstractWrappingSpliterator.fillBuffer(StreamSpliterators.java:206)\r\n\tat java.base\/java.util.stream.StreamSpliterators$AbstractWrappingSpliterator.doAdvance(StreamSpliterators.java:169)\r\n\tat java.base\/java.util.stream.StreamSpliterators$WrappingSpliterator.tryAdvance(StreamSpliterators.java:300)\r\n\tat java.base\/java.util.Spliterators$1Adapter.hasNext(Spliterators.java:681)\r\n\tat java.base\/java.util.Iterator.forEachRemaining(Iterator.java:132)\r\n\tat com.intuit.karate.core.FeatureRuntime.run(FeatureRuntime.java:165)\r\n\tat java.base\/java.util.concurrent.Executors$RunnableAdapter.call(Executors.java:515)\r\n\tat java.base\/java.util.concurrent.FutureTask.run(FutureTask.java:264)\r\n\tat com.intuit.karate.core.SyncExecutorService.execute(SyncExecutorService.java:70)\r\n\tat java.base\/java.util.concurrent.AbstractExecutorService.submit(AbstractExecutorService.java:123)\r\n\tat com.intuit.karate.Suite.run(Suite.java:235)\r\n\tat com.intuit.karate.Runner$Builder.parallel(Runner.java:575)\r\n\tat com.intuit.karate.cli.IdeMain.main(IdeMain.java:60)\r\n\tat cucumber.api.cli.Main.main(Main.java:34)\r\n"}],"line":313,"description":"","durationMillis":0.3407,"failed":true,"error":"js failed:\n>>>>\n01: read('Authentication.csv')\n<<<<\norg.graalvm.polyglot.PolyglotException: java.io.FileNotFoundException: D:\\JhonEgoavil\\Workspace\\qaChallenge\\src\\test\\java\\Authentication\\Authentication.csv (El sistema no puede encontrar el archivo especificado)\n- com.intuit.karate.resource.FileResource.getStream(FileResource.java:98)\n- com.intuit.karate.core.ScenarioFileReader.readFileAsStream(ScenarioFileReader.java:102)\n- com.intuit.karate.core.ScenarioFileReader.readFileAsString(ScenarioFileReader.java:98)\n- com.intuit.karate.core.ScenarioFileReader.readFile(ScenarioFileReader.java:71)\n- com.intuit.karate.core.ScenarioEngine.lambda$new$0(ScenarioEngine.java:129)\n- <js>.:program(Unnamed:1)\n\nsrc\/test\/java\/Authentication\/Authenticacion.feature:313","tags":["Test17"],"executorName":"main","name":"'CP017: 17.\tVerificar que al enviar datos incorrectos en el campo \u201Cemail\u201D en el registro se obtenga el mensaje \u201CINVALID\u201D.'","startTime":1654098436174,"refId":"[17.1:313]","endTime":0,"exampleIndex":0},{"sectionIndex":17,"stepResults":[{"result":{"nanos":95700,"millis":0.0957,"status":"passed"},"step":{"background":true,"line":4,"prefix":"*","index":0,"text":"url BaseUrl"},"stepLog":"10:47:16.181 karate.env system property was: null \n"},{"result":{"nanos":211600,"millis":0.2116,"status":"passed"},"step":{"background":true,"line":5,"prefix":"*","index":1,"text":"header Accept = 'application\/json'"}},{"result":{"nanos":0,"errorMessage":"js failed:\n>>>>\n01: read('Authentication.csv')\n<<<<\norg.graalvm.polyglot.PolyglotException: java.io.FileNotFoundException: D:\\JhonEgoavil\\Workspace\\qaChallenge\\src\\test\\java\\Authentication\\Authentication.csv (El sistema no puede encontrar el archivo especificado)\n- com.intuit.karate.resource.FileResource.getStream(FileResource.java:98)\n- com.intuit.karate.core.ScenarioFileReader.readFileAsStream(ScenarioFileReader.java:102)\n- com.intuit.karate.core.ScenarioFileReader.readFileAsString(ScenarioFileReader.java:98)\n- com.intuit.karate.core.ScenarioFileReader.readFile(ScenarioFileReader.java:71)\n- com.intuit.karate.core.ScenarioEngine.lambda$new$0(ScenarioEngine.java:129)\n- <js>.:program(Unnamed:1)\n\nsrc\/test\/java\/Authentication\/Authenticacion.feature:330","millis":0.0,"status":"failed"},"step":{"endLine":0,"line":330,"prefix":"*","index":-1,"text":"dynamic expression evaluation failed: read('Authentication.csv')"},"stepLog":"js failed:\n>>>>\n01: read('Authentication.csv')\n<<<<\norg.graalvm.polyglot.PolyglotException: java.io.FileNotFoundException: D:\\JhonEgoavil\\Workspace\\qaChallenge\\src\\test\\java\\Authentication\\Authentication.csv (El sistema no puede encontrar el archivo especificado)\n- com.intuit.karate.resource.FileResource.getStream(FileResource.java:98)\n- com.intuit.karate.core.ScenarioFileReader.readFileAsStream(ScenarioFileReader.java:102)\n- com.intuit.karate.core.ScenarioFileReader.readFileAsString(ScenarioFileReader.java:98)\n- com.intuit.karate.core.ScenarioFileReader.readFile(ScenarioFileReader.java:71)\n- com.intuit.karate.core.ScenarioEngine.lambda$new$0(ScenarioEngine.java:129)\n- <js>.:program(Unnamed:1)\n\ncom.intuit.karate.KarateException: js failed:\n>>>>\n01: read('Authentication.csv')\n<<<<\norg.graalvm.polyglot.PolyglotException: java.io.FileNotFoundException: D:\\JhonEgoavil\\Workspace\\qaChallenge\\src\\test\\java\\Authentication\\Authentication.csv (El sistema no puede encontrar el archivo especificado)\n- com.intuit.karate.resource.FileResource.getStream(FileResource.java:98)\n- com.intuit.karate.core.ScenarioFileReader.readFileAsStream(ScenarioFileReader.java:102)\n- com.intuit.karate.core.ScenarioFileReader.readFileAsString(ScenarioFileReader.java:98)\n- com.intuit.karate.core.ScenarioFileReader.readFile(ScenarioFileReader.java:71)\n- com.intuit.karate.core.ScenarioEngine.lambda$new$0(ScenarioEngine.java:129)\n- <js>.:program(Unnamed:1)\n\r\n\tat com.intuit.karate.graal.JsEngine.fromJsEvalException(JsEngine.java:233)\r\n\tat com.intuit.karate.core.ScenarioEngine.evalJs(ScenarioEngine.java:1346)\r\n\tat com.intuit.karate.core.ScenarioEngine.evalKarateExpression(ScenarioEngine.java:2373)\r\n\tat com.intuit.karate.core.ScenarioEngine.evalKarateExpression(ScenarioEngine.java:2292)\r\n\tat com.intuit.karate.core.ScenarioIterator.tryAdvance(ScenarioIterator.java:107)\r\n\tat com.intuit.karate.core.ScenarioIterator.tryAdvance(ScenarioIterator.java:88)\r\n\tat java.base\/java.util.stream.StreamSpliterators$WrappingSpliterator.lambda$initPartialTraversalState$0(StreamSpliterators.java:294)\r\n\tat java.base\/java.util.stream.StreamSpliterators$AbstractWrappingSpliterator.fillBuffer(StreamSpliterators.java:206)\r\n\tat java.base\/java.util.stream.StreamSpliterators$AbstractWrappingSpliterator.doAdvance(StreamSpliterators.java:169)\r\n\tat java.base\/java.util.stream.StreamSpliterators$WrappingSpliterator.tryAdvance(StreamSpliterators.java:300)\r\n\tat java.base\/java.util.Spliterators$1Adapter.hasNext(Spliterators.java:681)\r\n\tat java.base\/java.util.Iterator.forEachRemaining(Iterator.java:132)\r\n\tat com.intuit.karate.core.FeatureRuntime.run(FeatureRuntime.java:165)\r\n\tat java.base\/java.util.concurrent.Executors$RunnableAdapter.call(Executors.java:515)\r\n\tat java.base\/java.util.concurrent.FutureTask.run(FutureTask.java:264)\r\n\tat com.intuit.karate.core.SyncExecutorService.execute(SyncExecutorService.java:70)\r\n\tat java.base\/java.util.concurrent.AbstractExecutorService.submit(AbstractExecutorService.java:123)\r\n\tat com.intuit.karate.Suite.run(Suite.java:235)\r\n\tat com.intuit.karate.Runner$Builder.parallel(Runner.java:575)\r\n\tat com.intuit.karate.cli.IdeMain.main(IdeMain.java:60)\r\n\tat cucumber.api.cli.Main.main(Main.java:34)\r\n"}],"line":330,"description":"","durationMillis":0.3073,"failed":true,"error":"js failed:\n>>>>\n01: read('Authentication.csv')\n<<<<\norg.graalvm.polyglot.PolyglotException: java.io.FileNotFoundException: D:\\JhonEgoavil\\Workspace\\qaChallenge\\src\\test\\java\\Authentication\\Authentication.csv (El sistema no puede encontrar el archivo especificado)\n- com.intuit.karate.resource.FileResource.getStream(FileResource.java:98)\n- com.intuit.karate.core.ScenarioFileReader.readFileAsStream(ScenarioFileReader.java:102)\n- com.intuit.karate.core.ScenarioFileReader.readFileAsString(ScenarioFileReader.java:98)\n- com.intuit.karate.core.ScenarioFileReader.readFile(ScenarioFileReader.java:71)\n- com.intuit.karate.core.ScenarioEngine.lambda$new$0(ScenarioEngine.java:129)\n- <js>.:program(Unnamed:1)\n\nsrc\/test\/java\/Authentication\/Authenticacion.feature:330","tags":["Test18"],"executorName":"main","name":"'CP018: 18.\tVerificar que al enviar datos incorrectos en el campo \u201Cemail\u201D en el login se obtenga el mensaje \u201CINVALID\u201D.'","startTime":1654098436180,"refId":"[18.1:330]","endTime":0,"exampleIndex":0},{"sectionIndex":18,"stepResults":[{"result":{"nanos":85300,"millis":0.0853,"status":"passed"},"step":{"background":true,"line":4,"prefix":"*","index":0,"text":"url BaseUrl"},"stepLog":"10:47:16.187 karate.env system property was: null \n"},{"result":{"nanos":173100,"millis":0.1731,"status":"passed"},"step":{"background":true,"line":5,"prefix":"*","index":1,"text":"header Accept = 'application\/json'"}},{"result":{"nanos":0,"errorMessage":"js failed:\n>>>>\n01: read('Authentication.csv')\n<<<<\norg.graalvm.polyglot.PolyglotException: java.io.FileNotFoundException: D:\\JhonEgoavil\\Workspace\\qaChallenge\\src\\test\\java\\Authentication\\Authentication.csv (El sistema no puede encontrar el archivo especificado)\n- com.intuit.karate.resource.FileResource.getStream(FileResource.java:98)\n- com.intuit.karate.core.ScenarioFileReader.readFileAsStream(ScenarioFileReader.java:102)\n- com.intuit.karate.core.ScenarioFileReader.readFileAsString(ScenarioFileReader.java:98)\n- com.intuit.karate.core.ScenarioFileReader.readFile(ScenarioFileReader.java:71)\n- com.intuit.karate.core.ScenarioEngine.lambda$new$0(ScenarioEngine.java:129)\n- <js>.:program(Unnamed:1)\n\nsrc\/test\/java\/Authentication\/Authenticacion.feature:347","millis":0.0,"status":"failed"},"step":{"endLine":0,"line":347,"prefix":"*","index":-1,"text":"dynamic expression evaluation failed: read('Authentication.csv')"},"stepLog":"js failed:\n>>>>\n01: read('Authentication.csv')\n<<<<\norg.graalvm.polyglot.PolyglotException: java.io.FileNotFoundException: D:\\JhonEgoavil\\Workspace\\qaChallenge\\src\\test\\java\\Authentication\\Authentication.csv (El sistema no puede encontrar el archivo especificado)\n- com.intuit.karate.resource.FileResource.getStream(FileResource.java:98)\n- com.intuit.karate.core.ScenarioFileReader.readFileAsStream(ScenarioFileReader.java:102)\n- com.intuit.karate.core.ScenarioFileReader.readFileAsString(ScenarioFileReader.java:98)\n- com.intuit.karate.core.ScenarioFileReader.readFile(ScenarioFileReader.java:71)\n- com.intuit.karate.core.ScenarioEngine.lambda$new$0(ScenarioEngine.java:129)\n- <js>.:program(Unnamed:1)\n\ncom.intuit.karate.KarateException: js failed:\n>>>>\n01: read('Authentication.csv')\n<<<<\norg.graalvm.polyglot.PolyglotException: java.io.FileNotFoundException: D:\\JhonEgoavil\\Workspace\\qaChallenge\\src\\test\\java\\Authentication\\Authentication.csv (El sistema no puede encontrar el archivo especificado)\n- com.intuit.karate.resource.FileResource.getStream(FileResource.java:98)\n- com.intuit.karate.core.ScenarioFileReader.readFileAsStream(ScenarioFileReader.java:102)\n- com.intuit.karate.core.ScenarioFileReader.readFileAsString(ScenarioFileReader.java:98)\n- com.intuit.karate.core.ScenarioFileReader.readFile(ScenarioFileReader.java:71)\n- com.intuit.karate.core.ScenarioEngine.lambda$new$0(ScenarioEngine.java:129)\n- <js>.:program(Unnamed:1)\n\r\n\tat com.intuit.karate.graal.JsEngine.fromJsEvalException(JsEngine.java:233)\r\n\tat com.intuit.karate.core.ScenarioEngine.evalJs(ScenarioEngine.java:1346)\r\n\tat com.intuit.karate.core.ScenarioEngine.evalKarateExpression(ScenarioEngine.java:2373)\r\n\tat com.intuit.karate.core.ScenarioEngine.evalKarateExpression(ScenarioEngine.java:2292)\r\n\tat com.intuit.karate.core.ScenarioIterator.tryAdvance(ScenarioIterator.java:107)\r\n\tat com.intuit.karate.core.ScenarioIterator.tryAdvance(ScenarioIterator.java:88)\r\n\tat java.base\/java.util.stream.StreamSpliterators$WrappingSpliterator.lambda$initPartialTraversalState$0(StreamSpliterators.java:294)\r\n\tat java.base\/java.util.stream.StreamSpliterators$AbstractWrappingSpliterator.fillBuffer(StreamSpliterators.java:206)\r\n\tat java.base\/java.util.stream.StreamSpliterators$AbstractWrappingSpliterator.doAdvance(StreamSpliterators.java:169)\r\n\tat java.base\/java.util.stream.StreamSpliterators$WrappingSpliterator.tryAdvance(StreamSpliterators.java:300)\r\n\tat java.base\/java.util.Spliterators$1Adapter.hasNext(Spliterators.java:681)\r\n\tat java.base\/java.util.Iterator.forEachRemaining(Iterator.java:132)\r\n\tat com.intuit.karate.core.FeatureRuntime.run(FeatureRuntime.java:165)\r\n\tat java.base\/java.util.concurrent.Executors$RunnableAdapter.call(Executors.java:515)\r\n\tat java.base\/java.util.concurrent.FutureTask.run(FutureTask.java:264)\r\n\tat com.intuit.karate.core.SyncExecutorService.execute(SyncExecutorService.java:70)\r\n\tat java.base\/java.util.concurrent.AbstractExecutorService.submit(AbstractExecutorService.java:123)\r\n\tat com.intuit.karate.Suite.run(Suite.java:235)\r\n\tat com.intuit.karate.Runner$Builder.parallel(Runner.java:575)\r\n\tat com.intuit.karate.cli.IdeMain.main(IdeMain.java:60)\r\n\tat cucumber.api.cli.Main.main(Main.java:34)\r\n"}],"line":347,"description":"","durationMillis":0.2584,"failed":true,"error":"js failed:\n>>>>\n01: read('Authentication.csv')\n<<<<\norg.graalvm.polyglot.PolyglotException: java.io.FileNotFoundException: D:\\JhonEgoavil\\Workspace\\qaChallenge\\src\\test\\java\\Authentication\\Authentication.csv (El sistema no puede encontrar el archivo especificado)\n- com.intuit.karate.resource.FileResource.getStream(FileResource.java:98)\n- com.intuit.karate.core.ScenarioFileReader.readFileAsStream(ScenarioFileReader.java:102)\n- com.intuit.karate.core.ScenarioFileReader.readFileAsString(ScenarioFileReader.java:98)\n- com.intuit.karate.core.ScenarioFileReader.readFile(ScenarioFileReader.java:71)\n- com.intuit.karate.core.ScenarioEngine.lambda$new$0(ScenarioEngine.java:129)\n- <js>.:program(Unnamed:1)\n\nsrc\/test\/java\/Authentication\/Authenticacion.feature:347","tags":["Test19"],"executorName":"main","name":"'19.\tVerificar que al enviar datos incorrectos en el campo \u201Cpassword\u201D en el registro se obtenga el mensaje \u201CINVALID\u201D.'","startTime":1654098436187,"refId":"[19.1:347]","endTime":0,"exampleIndex":0},{"sectionIndex":19,"stepResults":[{"result":{"nanos":107900,"millis":0.1079,"status":"passed"},"step":{"background":true,"line":4,"prefix":"*","index":0,"text":"url BaseUrl"},"stepLog":"10:47:16.193 karate.env system property was: null \n"},{"result":{"nanos":213900,"millis":0.2139,"status":"passed"},"step":{"background":true,"line":5,"prefix":"*","index":1,"text":"header Accept = 'application\/json'"}},{"result":{"nanos":0,"errorMessage":"js failed:\n>>>>\n01: read('Authentication.csv')\n<<<<\norg.graalvm.polyglot.PolyglotException: java.io.FileNotFoundException: D:\\JhonEgoavil\\Workspace\\qaChallenge\\src\\test\\java\\Authentication\\Authentication.csv (El sistema no puede encontrar el archivo especificado)\n- com.intuit.karate.resource.FileResource.getStream(FileResource.java:98)\n- com.intuit.karate.core.ScenarioFileReader.readFileAsStream(ScenarioFileReader.java:102)\n- com.intuit.karate.core.ScenarioFileReader.readFileAsString(ScenarioFileReader.java:98)\n- com.intuit.karate.core.ScenarioFileReader.readFile(ScenarioFileReader.java:71)\n- com.intuit.karate.core.ScenarioEngine.lambda$new$0(ScenarioEngine.java:129)\n- <js>.:program(Unnamed:1)\n\nsrc\/test\/java\/Authentication\/Authenticacion.feature:364","millis":0.0,"status":"failed"},"step":{"endLine":0,"line":364,"prefix":"*","index":-1,"text":"dynamic expression evaluation failed: read('Authentication.csv')"},"stepLog":"js failed:\n>>>>\n01: read('Authentication.csv')\n<<<<\norg.graalvm.polyglot.PolyglotException: java.io.FileNotFoundException: D:\\JhonEgoavil\\Workspace\\qaChallenge\\src\\test\\java\\Authentication\\Authentication.csv (El sistema no puede encontrar el archivo especificado)\n- com.intuit.karate.resource.FileResource.getStream(FileResource.java:98)\n- com.intuit.karate.core.ScenarioFileReader.readFileAsStream(ScenarioFileReader.java:102)\n- com.intuit.karate.core.ScenarioFileReader.readFileAsString(ScenarioFileReader.java:98)\n- com.intuit.karate.core.ScenarioFileReader.readFile(ScenarioFileReader.java:71)\n- com.intuit.karate.core.ScenarioEngine.lambda$new$0(ScenarioEngine.java:129)\n- <js>.:program(Unnamed:1)\n\ncom.intuit.karate.KarateException: js failed:\n>>>>\n01: read('Authentication.csv')\n<<<<\norg.graalvm.polyglot.PolyglotException: java.io.FileNotFoundException: D:\\JhonEgoavil\\Workspace\\qaChallenge\\src\\test\\java\\Authentication\\Authentication.csv (El sistema no puede encontrar el archivo especificado)\n- com.intuit.karate.resource.FileResource.getStream(FileResource.java:98)\n- com.intuit.karate.core.ScenarioFileReader.readFileAsStream(ScenarioFileReader.java:102)\n- com.intuit.karate.core.ScenarioFileReader.readFileAsString(ScenarioFileReader.java:98)\n- com.intuit.karate.core.ScenarioFileReader.readFile(ScenarioFileReader.java:71)\n- com.intuit.karate.core.ScenarioEngine.lambda$new$0(ScenarioEngine.java:129)\n- <js>.:program(Unnamed:1)\n\r\n\tat com.intuit.karate.graal.JsEngine.fromJsEvalException(JsEngine.java:233)\r\n\tat com.intuit.karate.core.ScenarioEngine.evalJs(ScenarioEngine.java:1346)\r\n\tat com.intuit.karate.core.ScenarioEngine.evalKarateExpression(ScenarioEngine.java:2373)\r\n\tat com.intuit.karate.core.ScenarioEngine.evalKarateExpression(ScenarioEngine.java:2292)\r\n\tat com.intuit.karate.core.ScenarioIterator.tryAdvance(ScenarioIterator.java:107)\r\n\tat com.intuit.karate.core.ScenarioIterator.tryAdvance(ScenarioIterator.java:88)\r\n\tat java.base\/java.util.stream.StreamSpliterators$WrappingSpliterator.lambda$initPartialTraversalState$0(StreamSpliterators.java:294)\r\n\tat java.base\/java.util.stream.StreamSpliterators$AbstractWrappingSpliterator.fillBuffer(StreamSpliterators.java:206)\r\n\tat java.base\/java.util.stream.StreamSpliterators$AbstractWrappingSpliterator.doAdvance(StreamSpliterators.java:169)\r\n\tat java.base\/java.util.stream.StreamSpliterators$WrappingSpliterator.tryAdvance(StreamSpliterators.java:300)\r\n\tat java.base\/java.util.Spliterators$1Adapter.hasNext(Spliterators.java:681)\r\n\tat java.base\/java.util.Iterator.forEachRemaining(Iterator.java:132)\r\n\tat com.intuit.karate.core.FeatureRuntime.run(FeatureRuntime.java:165)\r\n\tat java.base\/java.util.concurrent.Executors$RunnableAdapter.call(Executors.java:515)\r\n\tat java.base\/java.util.concurrent.FutureTask.run(FutureTask.java:264)\r\n\tat com.intuit.karate.core.SyncExecutorService.execute(SyncExecutorService.java:70)\r\n\tat java.base\/java.util.concurrent.AbstractExecutorService.submit(AbstractExecutorService.java:123)\r\n\tat com.intuit.karate.Suite.run(Suite.java:235)\r\n\tat com.intuit.karate.Runner$Builder.parallel(Runner.java:575)\r\n\tat com.intuit.karate.cli.IdeMain.main(IdeMain.java:60)\r\n\tat cucumber.api.cli.Main.main(Main.java:34)\r\n"}],"line":364,"description":"","durationMillis":0.3218,"failed":true,"error":"js failed:\n>>>>\n01: read('Authentication.csv')\n<<<<\norg.graalvm.polyglot.PolyglotException: java.io.FileNotFoundException: D:\\JhonEgoavil\\Workspace\\qaChallenge\\src\\test\\java\\Authentication\\Authentication.csv (El sistema no puede encontrar el archivo especificado)\n- com.intuit.karate.resource.FileResource.getStream(FileResource.java:98)\n- com.intuit.karate.core.ScenarioFileReader.readFileAsStream(ScenarioFileReader.java:102)\n- com.intuit.karate.core.ScenarioFileReader.readFileAsString(ScenarioFileReader.java:98)\n- com.intuit.karate.core.ScenarioFileReader.readFile(ScenarioFileReader.java:71)\n- com.intuit.karate.core.ScenarioEngine.lambda$new$0(ScenarioEngine.java:129)\n- <js>.:program(Unnamed:1)\n\nsrc\/test\/java\/Authentication\/Authenticacion.feature:364","tags":["Test20"],"executorName":"main","name":"'20.\tVerificar que al enviar datos incorrectos en el campo \u201Cpassword\u201D en el login se obtenga el mensaje \u201CINVALID\u201D.'","startTime":1654098436192,"refId":"[20.1:364]","endTime":0,"exampleIndex":0}],"callDepth":0,"name":"Microservicio qaChallenge","description":"","resultDate":"2022-06-01 10:47:16 a.m.","durationMillis":8.5675,"passedCount":0}